[19:58:05] This is prokka 1.14.6
[19:58:05] Written by Torsten Seemann <torsten.seemann@gmail.com>
[19:58:05] Homepage is https://github.com/tseemann/prokka
[19:58:05] Local time is Mon Apr 17 19:58:05 2023
[19:58:05] You are nelmak
[19:58:05] Operating system is linux
[19:58:05] You have BioPerl 1.007001
[19:58:05] System has 16 cores.
[19:58:05] Will use maximum of 8 cores.
[19:58:05] Annotating as >>> Bacteria <<<
[19:58:05] Generating locus_tag from '/home/nelmak/Project-Genome-Analysis-Paper-2/genome_analyses/analyses/01_genome_assembly/01_01_assembly_canu.contigs.fasta' contents.
[19:58:05] Setting --locustag FJIOPNEG from MD5 f32897e02d6154e9f9c3c661e5ceed32
[19:58:05] Re-using existing --outdir /home/nelmak/Project-Genome-Analysis-Paper-2/genome_analyses/analyses/03_genome_annotation/
[19:58:05] Using filename prefix: PROKKA_04172023.XXX
[19:58:05] Setting HMMER_NCPU=1
[19:58:05] Writing log to: /home/nelmak/Project-Genome-Analysis-Paper-2/genome_analyses/analyses/03_genome_annotation//PROKKA_04172023.log
[19:58:05] Command: /sw/bioinfo/prokka/1.45-5b58020/snowy/bin/prokka --outdir /home/nelmak/Project-Genome-Analysis-Paper-2/genome_analyses/analyses/03_genome_annotation/ --force /home/nelmak/Project-Genome-Analysis-Paper-2/genome_analyses/analyses/01_genome_assembly/01_01_assembly_canu.contigs.fasta
[19:58:05] Appending to PATH: /sw/bioinfo/prokka/1.45-5b58020/rackham/bin/../binaries/linux
[19:58:05] Appending to PATH: /sw/bioinfo/prokka/1.45-5b58020/rackham/bin/../binaries/linux/../common
[19:58:05] Appending to PATH: /sw/bioinfo/prokka/1.45-5b58020/rackham/bin
[19:58:05] Looking for 'aragorn' - found /sw/bioinfo/prokka/1.45-5b58020/rackham/bin/../binaries/linux/aragorn
[19:58:05] Determined aragorn version is 001002 from 'ARAGORN v1.2.38 Dean Laslett'
[19:58:05] Looking for 'barrnap' - found /sw/bioinfo/barrnap/0.8/snowy/bin/barrnap
[19:58:05] Determined barrnap version is 000008 from 'barrnap 0.8'
[19:58:05] Looking for 'blastp' - found /sw/bioinfo/blast/2.11.0+/snowy/bin/blastp
[19:58:07] Determined blastp version is 002011 from 'blastp: 2.11.0+'
[19:58:07] Looking for 'cmpress' - found /sw/bioinfo/prokka/1.45-5b58020/rackham/bin/../binaries/linux/cmpress
[19:58:07] Determined cmpress version is 001001 from '# INFERNAL 1.1.2 (July 2016)'
[19:58:07] Looking for 'cmscan' - found /sw/bioinfo/prokka/1.45-5b58020/rackham/bin/../binaries/linux/cmscan
[19:58:07] Determined cmscan version is 001001 from '# INFERNAL 1.1.2 (July 2016)'
[19:58:07] Looking for 'egrep' - found /usr/bin/egrep
[19:58:07] Looking for 'find' - found /usr/bin/find
[19:58:07] Looking for 'grep' - found /usr/bin/grep
[19:58:07] Looking for 'hmmpress' - found /sw/bioinfo/hmmer/3.1b2/snowy/bin/hmmpress
[19:58:07] Determined hmmpress version is 003001 from '# HMMER 3.1b2 (February 2015); http://hmmer.org/'
[19:58:07] Looking for 'hmmscan' - found /sw/bioinfo/hmmer/3.1b2/snowy/bin/hmmscan
[19:58:07] Determined hmmscan version is 003001 from '# HMMER 3.1b2 (February 2015); http://hmmer.org/'
[19:58:07] Looking for 'java' - found /usr/bin/java
[19:58:07] Looking for 'makeblastdb' - found /sw/bioinfo/blast/2.11.0+/snowy/bin/makeblastdb
[19:58:08] Determined makeblastdb version is 002011 from 'makeblastdb: 2.11.0+'
[19:58:08] Looking for 'minced' - found /sw/bioinfo/minced/0.2.0/snowy/minced
[19:58:08] Determined minced version is 002000 from 'minced 0.2.0'
[19:58:08] Looking for 'parallel' - found /sw/parallel/gnuparallel/20170122/snowy/bin/parallel
[19:58:09] Determined parallel version is 20170122 from 'GNU parallel 20170122'
[19:58:09] Looking for 'prodigal' - found /sw/bioinfo/prodigal/2.6.3/snowy/bin/prodigal
[19:58:09] Determined prodigal version is 002006 from 'Prodigal V2.6.3: February, 2016'
[19:58:09] Looking for 'prokka-genbank_to_fasta_db' - found /sw/bioinfo/prokka/1.45-5b58020/snowy/bin/prokka-genbank_to_fasta_db
[19:58:09] Looking for 'sed' - found /usr/bin/sed
[19:58:09] Looking for 'signalp' - found /sw/bioinfo/SignalP/4.1f/snowy/signalp
[19:58:09] Determined signalp version is 004001 from '4.1 7682557'
[19:58:09] Looking for 'tbl2asn' - found /sw/bioinfo/tbl2asn/25.8/snowy/tbl2asn
[19:58:09] Determined tbl2asn version is 025008 from 'tbl2asn 25.8   arguments:'
[19:58:09] Using genetic code table 11.
[19:58:09] Loading and checking input file: /home/nelmak/Project-Genome-Analysis-Paper-2/genome_analyses/analyses/01_genome_assembly/01_01_assembly_canu.contigs.fasta
[19:58:09] Wrote 3 contigs totalling 2675032 bp.
[19:58:09] Predicting tRNAs and tmRNAs
[19:58:09] Running: aragorn -l -gc11  -w \/home\/nelmak\/Project\-Genome\-Analysis\-Paper\-2\/genome_analyses\/analyses\/03_genome_annotation\/\/PROKKA_04172023\.fna
[19:58:11] 1 tRNA-Glu [21544,21619] 35 (ctc)
[19:58:11] 2 tRNA-Leu [27468,27554] 35 (taa)
[19:58:11] 3 tRNA-Met c[75798,75872] 33 (cat)
[19:58:11] 4 tRNA-Gln [122225,122298] 33 (ctg)
[19:58:11] 5 tRNA-Val c[267181,267255] 33 (gac)
[19:58:11] 6 tRNA-Val c[302591,302665] 33 (cac)
[19:58:11] 7 tmRNA [378222,378580] 90,119 ANEELALAA*
[19:58:11] 8 tRNA-Leu [413819,413902] 34 (gag)
[19:58:11] 9 tRNA-Pro [436691,436767] 35 (tgg)
[19:58:11] 10 tRNA-Met c[505668,505744] 35 (cat)
[19:58:11] 11 tRNA-Ser c[515776,515865] 35 (cga)
[19:58:11] 12 tRNA-Ser [517832,517917] 35 (tga)
[19:58:11] 13 tRNA-Ser [517948,518040] 35 (gct)
[19:58:11] 14 tRNA-Ser c[523483,523575] 35 (gga)
[19:58:11] 15 tRNA-Leu c[627822,627908] 35 (caa)
[19:58:11] 16 tRNA-Cys c[703513,703587] 33 (gca)
[19:58:11] 17 tRNA-Arg [704367,704443] 35 (tcg)
[19:58:11] 18 tRNA-His [716043,716117] 33 (gtg)
[19:58:11] 19 tRNA-Arg [729911,729987] 35 (acg)
[19:58:11] 20 tRNA-Met [780606,780681] 34 (cat)
[19:58:11] 21 tRNA-Leu c[819464,819549] 34 (cag)
[19:58:11] 22 tRNA-Arg c[819788,819864] 35 (tct)
[19:58:11] 23 tRNA-Lys c[831631,831706] 34 (ttt)
[19:58:11] 24 tRNA-Glu c[954294,954371] 37 (ttc)
[19:58:11] 25 tRNA-Ala [1006017,1006092] 34 (ggc)
[19:58:11] 26 tRNA-Gly [1107793,1107867] 33 (ccc)
[19:58:11] 27 tRNA-Thr [1189457,1189532] 34 (tgt)
[19:58:11] 28 tRNA-Val c[1290512,1290587] 34 (tac)
[19:58:11] 29 tRNA-Asp [1291182,1291258] 35 (gtc)
[19:58:11] 30 tRNA-Thr [1303540,1303614] 33 (cgt)
[19:58:11] 31 tRNA-Phe c[1647245,1647320] 34 (gaa)
[19:58:11] 32 tRNA-Pro [1722747,1722823] 35 (ggg)
[19:58:11] 33 tRNA-Arg c[1798525,1798601] 35 (cct)
[19:58:11] 34 tRNA-Ile [1817088,1817164] 35 (gat)
[19:58:11] 35 tRNA-Ala [1817170,1817245] 34 (tgc)
[19:58:11] 36 tRNA-Ala c[1888499,1888574] 34 (tgc)
[19:58:11] 37 tRNA-Ile c[1888580,1888656] 35 (gat)
[19:58:11] 38 tRNA-Pro c[1933899,1933975] 35 (cgg)
[19:58:11] 39 tRNA-Trp c[2053660,2053736] 35 (cca)
[19:58:11] 40 tRNA-Thr c[2055235,2055310] 34 (ggt)
[19:58:11] 41 tRNA-Gly c[2055334,2055408] 33 (tcc)
[19:58:11] 42 tRNA-Tyr c[2055445,2055530] 35 (gta)
[19:58:11] 43 tRNA-Leu c[2057785,2057870] 34 (tag)
[19:58:11] 44 tRNA-Gln c[2067701,2067775] 33 (ttg)
[19:58:11] 45 tRNA-Arg [2101345,2101422] 36 (ccg)
[19:58:11] 46 tRNA-Asn [2371400,2371475] 34 (gtt)
[19:58:11] 47 tRNA-Gly [2388184,2388258] 33 (gcc)
[19:58:11] 48 tRNA-Lys c[2449247,2449322] 34 (ctt)
[19:58:11] 49 tRNA-Ala c[2527581,2527656] 34 (cgc)
[19:58:11] 50 tRNA-Glu [2568280,2568354] 34 (ctc)
[19:58:11] Found 50 tRNAs
[19:58:11] Predicting Ribosomal RNAs
[19:58:11] Running Barrnap with 8 threads
[19:58:13] 1 tig00000001 1815441 16S ribosomal RNA
[19:58:13] 2 tig00000001 1817382 23S ribosomal RNA
[19:58:13] 3 tig00000001 1820435 5S ribosomal RNA
[19:58:13] 4 tig00000001 1885200 5S ribosomal RNA
[19:58:13] 5 tig00000001 1885386 23S ribosomal RNA
[19:58:13] 6 tig00000001 1888747 16S ribosomal RNA
[19:58:13] Found 6 rRNAs
[19:58:13] Skipping ncRNA search, enable with --rfam if desired.
[19:58:13] Total of 55 tRNA + rRNA features
[19:58:13] Searching for CRISPR repeats
[19:58:14] CRISPR1 tig00000001 1505714 with 18 spacers
[19:58:14] Found 1 CRISPRs
[19:58:14] Predicting coding sequences
[19:58:14] Contigs total 2675032 bp, so using single mode
[19:58:14] Running: prodigal -i \/home\/nelmak\/Project\-Genome\-Analysis\-Paper\-2\/genome_analyses\/analyses\/03_genome_annotation\/\/PROKKA_04172023\.fna -c -m -g 11 -p single -f sco -q
[19:58:19] Excluding CDS which overlaps existing RNA (tRNA) at tig00000001:780418..780615 on + strand
[19:58:20] Excluding CDS which overlaps existing RNA (tRNA) at tig00000001:1290578..1291024 on - strand
[19:58:20] Excluding CDS which overlaps existing RNA (CRISPR) at tig00000001:1506549..1507172 on - strand
[19:58:20] Excluding CDS which overlaps existing RNA (tRNA) at tig00000001:1722415..1722756 on + strand
[19:58:20] Excluding CDS which overlaps existing RNA (tRNA) at tig00000001:1722784..1723728 on + strand
[19:58:21] Excluding CDS which overlaps existing RNA (rRNA) at tig00000001:1815210..1815692 on - strand
[19:58:21] Excluding CDS which overlaps existing RNA (rRNA) at tig00000001:1820182..1820730 on - strand
[19:58:21] Excluding CDS which overlaps existing RNA (rRNA) at tig00000001:1884926..1885387 on - strand
[19:58:21] Excluding CDS which overlaps existing RNA (rRNA) at tig00000001:1890052..1890534 on + strand
[19:58:21] Excluding CDS which overlaps existing RNA (tRNA) at tig00000001:1933898..1934134 on + strand
[19:58:21] Excluding CDS which overlaps existing RNA (tRNA) at tig00000001:2568278..2568889 on + strand
[19:58:21] Found 2653 CDS
[19:58:21] Connecting features back to sequences
[19:58:21] Not using genus-specific database. Try --usegenus to enable it.
[19:58:21] Annotating CDS, please be patient.
[19:58:21] Will use 8 CPUs for similarity searching.
[19:58:24] There are still 2653 unannotated CDS left (started with 2653)
[19:58:24] Will use blast to search against /sw/bioinfo/prokka/1.45-5b58020/rackham/db/kingdom/Bacteria/IS with 8 CPUs
[19:58:24] Running: cat \/home\/nelmak\/Project\-Genome\-Analysis\-Paper\-2\/genome_analyses\/analyses\/03_genome_annotation\/\/PROKKA_04172023\.IS\.tmp\.63928\.faa | parallel --gnu --plain -j 8 --block 49412 --recstart '>' --pipe blastp -query - -db /sw/bioinfo/prokka/1.45-5b58020/rackham/db/kingdom/Bacteria/IS -evalue 1e-30 -qcov_hsp_perc 90 -num_threads 1 -num_descriptions 1 -num_alignments 1 -seg no > \/home\/nelmak\/Project\-Genome\-Analysis\-Paper\-2\/genome_analyses\/analyses\/03_genome_annotation\/\/PROKKA_04172023\.IS\.tmp\.63928\.blast 2> /dev/null
[19:58:58] Deleting unwanted file: /home/nelmak/Project-Genome-Analysis-Paper-2/genome_analyses/analyses/03_genome_annotation//PROKKA_04172023.IS.tmp.63928.faa
[19:58:58] Deleting unwanted file: /home/nelmak/Project-Genome-Analysis-Paper-2/genome_analyses/analyses/03_genome_annotation//PROKKA_04172023.IS.tmp.63928.blast
[19:59:01] There are still 2622 unannotated CDS left (started with 2653)
[19:59:01] Will use blast to search against /sw/bioinfo/prokka/1.45-5b58020/rackham/db/kingdom/Bacteria/AMR with 8 CPUs
[19:59:01] Running: cat \/home\/nelmak\/Project\-Genome\-Analysis\-Paper\-2\/genome_analyses\/analyses\/03_genome_annotation\/\/PROKKA_04172023\.AMR\.tmp\.63928\.faa | parallel --gnu --plain -j 8 --block 48871 --recstart '>' --pipe blastp -query - -db /sw/bioinfo/prokka/1.45-5b58020/rackham/db/kingdom/Bacteria/AMR -evalue 9.99999999999999e-301 -qcov_hsp_perc 90 -num_threads 1 -num_descriptions 1 -num_alignments 1 -seg no > \/home\/nelmak\/Project\-Genome\-Analysis\-Paper\-2\/genome_analyses\/analyses\/03_genome_annotation\/\/PROKKA_04172023\.AMR\.tmp\.63928\.blast 2> /dev/null
[19:59:28] Deleting unwanted file: /home/nelmak/Project-Genome-Analysis-Paper-2/genome_analyses/analyses/03_genome_annotation//PROKKA_04172023.AMR.tmp.63928.faa
[19:59:28] Deleting unwanted file: /home/nelmak/Project-Genome-Analysis-Paper-2/genome_analyses/analyses/03_genome_annotation//PROKKA_04172023.AMR.tmp.63928.blast
[19:59:31] There are still 2622 unannotated CDS left (started with 2653)
[19:59:31] Will use blast to search against /sw/bioinfo/prokka/1.45-5b58020/rackham/db/kingdom/Bacteria/sprot with 8 CPUs
[19:59:31] Running: cat \/home\/nelmak\/Project\-Genome\-Analysis\-Paper\-2\/genome_analyses\/analyses\/03_genome_annotation\/\/PROKKA_04172023\.sprot\.tmp\.63928\.faa | parallel --gnu --plain -j 8 --block 48871 --recstart '>' --pipe blastp -query - -db /sw/bioinfo/prokka/1.45-5b58020/rackham/db/kingdom/Bacteria/sprot -evalue 1e-09 -qcov_hsp_perc 80 -num_threads 1 -num_descriptions 1 -num_alignments 1 -seg no > \/home\/nelmak\/Project\-Genome\-Analysis\-Paper\-2\/genome_analyses\/analyses\/03_genome_annotation\/\/PROKKA_04172023\.sprot\.tmp\.63928\.blast 2> /dev/null
[20:01:44] Modify product: Uncharacterized MFS-type transporter Rv2456c => putative MFS-type transporter
[20:01:44] Modify product: UPF0060 membrane protein YnfA => hypothetical protein
[20:01:44] Modify product: Probable alcohol dehydrogenase AdhA => putative alcohol dehydrogenase AdhA
[20:01:44] Modify product: Cyclic di-GMP phosphodiesterase PA4108 => Cyclic di-GMP phosphodiesterase
[20:01:44] Modify product: Probable lipid II flippase MurJ => putative lipid II flippase MurJ
[20:01:44] Modify product: Uncharacterized zinc protease Rv2782c => putative zinc protease
[20:01:44] Modify product: Uncharacterized zinc protease Rv2782c => putative zinc protease
[20:01:44] Modify product: Uncharacterized protein Rv2030c => putative protein
[20:01:44] Modify product: Protein aq_1857 => Protein
[20:01:44] Modify product: UPF0053 protein Rv2366c => hypothetical protein
[20:01:44] Modify product: Cyclic di-GMP phosphodiesterase PA4108 => Cyclic di-GMP phosphodiesterase
[20:01:44] Modify product: Uncharacterized protein YbiB => putative protein YbiB
[20:01:44] Modify product: Nucleoid-associated protein Cthe_2143 => Nucleoid-associated protein
[20:01:44] Modify product: Uncharacterized oxidoreductase YciK => putative oxidoreductase YciK
[20:01:44] Modify product: Sulfurtransferase Alvin_2599 => Sulfurtransferase
[20:01:44] Modify product: Probable glycine dehydrogenase (decarboxylating) subunit 1 => putative glycine dehydrogenase (decarboxylating) subunit 1
[20:01:44] Modify product: Probable glycine dehydrogenase (decarboxylating) subunit 2 => putative glycine dehydrogenase (decarboxylating) subunit 2
[20:01:44] Modify product: Probable ATP synthase YscN => putative ATP synthase YscN
[20:01:44] Modify product: Uncharacterized oxidoreductase SA2266 => putative oxidoreductase
[20:01:44] Modify product: Uncharacterized protein YccU => putative protein YccU
[20:01:44] Modify product: Uncharacterized signaling protein PA1727 => putative signaling protein
[20:01:45] Modify product: Probable ribonucleotide transport ATP-binding protein mkl => putative ribonucleotide transport ATP-binding protein mkl
[20:01:45] Modify product: Protease HtpX homolog => Protease HtpX 
[20:01:45] Modify product: 1,4-alpha-glucan branching enzyme TTHA1902 => 1,4-alpha-glucan branching enzyme
[20:01:45] Modify product: Probable GTP-binding protein EngB => putative GTP-binding protein EngB
[20:01:45] Modify product: UPF0324 inner membrane protein YeiH => hypothetical protein
[20:01:45] Modify product: Uncharacterized HTH-type transcriptional regulator YbaQ => putative HTH-type transcriptional regulator YbaQ
[20:01:45] Modify product: Uncharacterized NTE family protein Rv1063c => putative NTE family protein
[20:01:45] Modify product: UPF0056 inner membrane protein YhgN => hypothetical protein
[20:01:45] Modify product: Probable ABC transporter-binding protein DR_1571 => putative ABC transporter-binding protein
[20:01:45] Modify product: Ribonuclease TTHA0252 => Ribonuclease
[20:01:45] Modify product: GTP-binding protein TypA/BipA homolog => GTP-binding protein TypA/BipA 
[20:01:45] Modify product: Uncharacterized zinc protease Rv2782c => putative zinc protease
[20:01:45] Modify product: UPF0109 protein Rv2908c => hypothetical protein
[20:01:45] Modify product: UPF0182 protein MSMEG_1959/MSMEI_1915 => hypothetical protein
[20:01:45] Modify product: Probable nicotinate-nucleotide pyrophosphorylase [carboxylating] => putative nicotinate-nucleotide pyrophosphorylase [carboxylating]
[20:01:45] Modify product: Probable nicotinate-nucleotide pyrophosphorylase [carboxylating] => putative nicotinate-nucleotide pyrophosphorylase [carboxylating]
[20:01:45] Modify product: Probable peptidoglycan glycosyltransferase FtsW => putative peptidoglycan glycosyltransferase FtsW
[20:01:45] Modify product: Probable adenylyltransferase/sulfurtransferase MoeZ => putative adenylyltransferase/sulfurtransferase MoeZ
[20:01:45] Modify product: Uncharacterized AAA domain-containing protein Rv2559c => putative AAA domain-containing protein
[20:01:45] Modify product: Probable Fe(2+)-trafficking protein => putative Fe(2+)-trafficking protein
[20:01:45] Modify product: Phage shock protein A homolog => Phage shock protein A 
[20:01:45] Modify product: Uncharacterized MFS-type transporter Rv2456c => putative MFS-type transporter
[20:01:45] Modify product: Glycogen operon protein GlgX homolog => Glycogen operon protein GlgX 
[20:01:45] Modify product: Cyclic di-GMP phosphodiesterase PA4108 => Cyclic di-GMP phosphodiesterase
[20:01:45] Modify product: Uncharacterized ABC transporter ATP-binding protein YheS => putative ABC transporter ATP-binding protein YheS
[20:01:45] Modify product: Bifunctional protein Rv2228c => Bifunctional protein
[20:01:45] Modify product: Uncharacterized protein YqeY => putative protein YqeY
[20:01:45] Modify product: Uncharacterized HIT-like protein HP_0404 => putative HIT-like protein
[20:01:45] Modify product: Phosphate-specific transport system accessory protein PhoU homolog => Phosphate-specific transport system accessory protein PhoU 
[20:01:45] Modify product: UPF0045 protein Rv1898 => hypothetical protein
[20:01:45] Modify product: Probable protein kinase UbiB => putative protein kinase UbiB
[20:01:45] Modify product: UPF0758 protein YsxA => hypothetical protein
[20:01:45] Modify product: Uncharacterized ABC transporter ATP-binding protein YknY => putative ABC transporter ATP-binding protein YknY
[20:01:45] Modify product: Uncharacterized metallophosphoesterase YhaO => putative metallophosphoesterase YhaO
[20:01:45] Modify product: Uncharacterized ABC transporter ATP-binding protein Rv0986 => putative ABC transporter ATP-binding protein
[20:01:45] Modify product: UPF0413 protein YjbH => hypothetical protein
[20:01:45] Modify product: Probable transcriptional regulatory protein DVU_2259 => putative transcriptional regulatory protein
[20:01:45] Modify product: Bifunctional protein FolD => Bifunctional protein FolD protein
[20:01:45] Modify product: Nucleotide-binding protein SA0720 => Nucleotide-binding protein
[20:01:46] Modify product: Probable multidrug resistance protein EmrK => putative multidrug resistance protein EmrK
[20:01:46] Modify product: Cyclic di-GMP phosphodiesterase PA4108 => Cyclic di-GMP phosphodiesterase
[20:01:46] Modify product: UPF0098 protein CT_736 => hypothetical protein
[20:01:46] Modify product: Uncharacterized protein Rv2008c => putative protein
[20:01:46] Modify product: Probable multidrug ABC transporter permease YbhR => putative multidrug ABC transporter permease YbhR
[20:01:46] Modify product: Probable multidrug ABC transporter permease YbhS => putative multidrug ABC transporter permease YbhS
[20:01:46] Modify product: Probable multidrug ABC transporter ATP-binding protein YbhF => putative multidrug ABC transporter ATP-binding protein YbhF
[20:01:46] Modify product: UPF0194 membrane protein YbhG => hypothetical protein
[20:01:46] Modify product: Probable bifunctional transcriptional activator/DNA repair enzyme AlkA => putative bifunctional transcriptional activator/DNA repair enzyme AlkA
[20:01:46] Modify product: Uncharacterized protein Rv2411c => putative protein
[20:01:46] Modify product: Uncharacterized protein Rv1488 => putative protein
[20:01:46] Modify product: Probable cystine transporter YijE => putative cystine transporter YijE
[20:01:46] Modify product: Probable cystine transporter YijE => putative cystine transporter YijE
[20:01:46] Modify product: UPF0234 protein XC_3703 => hypothetical protein
[20:01:46] Modify product: Transcriptional repressor SmtB homolog => Transcriptional repressor SmtB 
[20:01:46] Modify product: UPF0701 protein HI_0467 => hypothetical protein
[20:01:46] Modify product: Probable multidrug ABC transporter ATP-binding protein YbhF => putative multidrug ABC transporter ATP-binding protein YbhF
[20:01:46] Modify product: NADH dehydrogenase-like protein SAOUHSC_00878 => NADH dehydrogenase-like protein
[20:01:46] Modify product: UPF0060 membrane protein YnfA => hypothetical protein
[20:01:46] Modify product: Uncharacterized amino acid permease YhdG => putative amino acid permease YhdG
[20:01:46] Modify product: Uncharacterized oxidoreductase Rv0484c => putative oxidoreductase
[20:01:47] Cleaned 81 /product names
[20:01:47] Deleting unwanted file: /home/nelmak/Project-Genome-Analysis-Paper-2/genome_analyses/analyses/03_genome_annotation//PROKKA_04172023.sprot.tmp.63928.faa
[20:01:47] Deleting unwanted file: /home/nelmak/Project-Genome-Analysis-Paper-2/genome_analyses/analyses/03_genome_annotation//PROKKA_04172023.sprot.tmp.63928.blast
[20:01:48] There are still 1621 unannotated CDS left (started with 2653)
[20:01:48] Will use hmmer3 to search against /sw/bioinfo/prokka/1.45-5b58020/rackham/db/hmm/HAMAP.hmm with 8 CPUs
[20:01:48] Running: cat \/home\/nelmak\/Project\-Genome\-Analysis\-Paper\-2\/genome_analyses\/analyses\/03_genome_annotation\/\/PROKKA_04172023\.HAMAP\.hmm\.tmp\.63928\.faa | parallel --gnu --plain -j 8 --block 27017 --recstart '>' --pipe hmmscan --noali --notextw --acc -E 1e-09 --cpu 1 /sw/bioinfo/prokka/1.45-5b58020/rackham/db/hmm/HAMAP.hmm /dev/stdin > \/home\/nelmak\/Project\-Genome\-Analysis\-Paper\-2\/genome_analyses\/analyses\/03_genome_annotation\/\/PROKKA_04172023\.HAMAP\.hmm\.tmp\.63928\.hmmer3 2> /dev/null
[20:02:58] Deleting unwanted file: /home/nelmak/Project-Genome-Analysis-Paper-2/genome_analyses/analyses/03_genome_annotation//PROKKA_04172023.HAMAP.hmm.tmp.63928.faa
[20:02:58] Deleting unwanted file: /home/nelmak/Project-Genome-Analysis-Paper-2/genome_analyses/analyses/03_genome_annotation//PROKKA_04172023.HAMAP.hmm.tmp.63928.hmmer3
[20:02:58] Labelling remaining 1362 proteins as 'hypothetical protein'
[20:02:58] Possible /pseudo 'Formate--tetrahydrofolate ligase' at tig00000001 position 1225
[20:02:58] Possible /pseudo 'Formate--tetrahydrofolate ligase' at tig00000001 position 1467
[20:02:58] Possible /pseudo 'Sec-independent protein translocase protein TatC' at tig00000001 position 3501
[20:02:58] Possible /pseudo 'Metalloprotease PmbA' at tig00000001 position 8856
[20:02:58] Possible /pseudo 'Metalloprotease PmbA' at tig00000001 position 9149
[20:02:58] Possible /pseudo 'Imidazole glycerol phosphate synthase subunit HisF' at tig00000001 position 82071
[20:02:58] Possible /pseudo 'Endoglucanase' at tig00000001 position 122830
[20:02:58] Possible /pseudo 'Flagellar hook-associated protein 1' at tig00000001 position 167489
[20:02:58] Possible /pseudo 'Ubiquinone/menaquinone biosynthesis C-methyltransferase UbiE' at tig00000001 position 190200
[20:02:58] Possible /pseudo 'Thymidylate kinase' at tig00000001 position 194389
[20:02:58] Possible /pseudo 'Thymidylate kinase' at tig00000001 position 194928
[20:02:58] Possible /pseudo 'Thiol-disulfide oxidoreductase ResA' at tig00000001 position 203791
[20:02:58] Possible /pseudo 'tRNA uridine 5-carboxymethylaminomethyl modification enzyme MnmG' at tig00000001 position 326185
[20:02:58] Possible /pseudo 'IS1380 family transposase ISLsp3' at tig00000001 position 332214
[20:02:58] Possible /pseudo 'Cobalamin biosynthesis bifunctional protein CbiET' at tig00000001 position 336611
[20:02:58] Possible /pseudo 'Vitamin B12 import ATP-binding protein BtuD' at tig00000001 position 464611
[20:02:58] Possible /pseudo 'Peptidoglycan-associated lipoprotein' at tig00000001 position 493720
[20:02:58] Possible /pseudo 'Peptide chain release factor 3' at tig00000001 position 520161
[20:02:58] Possible /pseudo 'DNA topoisomerase 1' at tig00000001 position 611361
[20:02:58] Possible /pseudo 'Methylenetetrahydrofolate--tRNA-(uracil-5-)-methyltransferase TrmFO' at tig00000001 position 612675
[20:02:58] Possible /pseudo 'Aminopeptidase N' at tig00000001 position 671578
[20:02:58] Possible /pseudo 'putative zinc protease' at tig00000001 position 744514
[20:02:58] Possible /pseudo 'Trehalose synthase/amylase TreS' at tig00000001 position 851374
[20:02:58] Possible /pseudo 'Sensor histidine kinase RcsC' at tig00000001 position 872793
[20:02:58] Possible /pseudo 'D-inositol-3-phosphate glycosyltransferase' at tig00000001 position 911440
[20:02:58] Possible /pseudo 'D-inositol-3-phosphate glycosyltransferase' at tig00000001 position 913398
[20:02:58] Possible /pseudo 'Thiosulfate dehydrogenase' at tig00000001 position 1111313
[20:02:58] Possible /pseudo 'putative nicotinate-nucleotide pyrophosphorylase [carboxylating]' at tig00000001 position 1265132
[20:02:58] Possible /pseudo '3-dehydroquinate synthase' at tig00000001 position 1285567
[20:02:58] Possible /pseudo 'S-methyl-5'-thioadenosine phosphorylase' at tig00000001 position 1299289
[20:02:58] Possible /pseudo 'Cation efflux system protein CusA' at tig00000001 position 1315576
[20:02:58] Possible /pseudo 'Isocitrate dehydrogenase [NADP]' at tig00000001 position 1365255
[20:02:58] Possible /pseudo 'Nitrogen regulatory protein P-II' at tig00000001 position 1549940
[20:02:58] Possible /pseudo 'Molybdopterin molybdenumtransferase' at tig00000001 position 1557860
[20:02:58] Possible /pseudo 'Cobyric acid synthase' at tig00000001 position 1938994
[20:02:58] Possible /pseudo 'Phosphoribosylformylglycinamidine synthase subunit PurL' at tig00000001 position 2008078
[20:02:58] Possible /pseudo 'Transaldolase' at tig00000001 position 2083447
[20:02:58] Possible /pseudo 'putative cystine transporter YijE' at tig00000001 position 2227587
[20:02:58] Possible /pseudo 'Apolipoprotein N-acyltransferase' at tig00000001 position 2268275
[20:02:58] Possible /pseudo 'Proteasome-associated ATPase' at tig00000001 position 2352063
[20:02:58] Possible /pseudo 'Cobalt-zinc-cadmium resistance protein CzcA' at tig00000001 position 2404334
[20:02:58] Possible /pseudo 'RecBCD enzyme subunit RecC' at tig00000001 position 2436378
[20:02:58] Possible /pseudo '2,3-diketo-5-methylthiopentyl-1-phosphate enolase' at tig00000001 position 2490576
[20:02:58] Possible /pseudo 'Metalloprotease TldD' at tig00000001 position 2557182
[20:02:58] Found 967 unique /gene codes.
[20:02:58] Fixed 2 duplicate /gene - moeA_1 moeA_2
[20:02:58] Fixed 2 duplicate /gene - crnA_1 crnA_2
[20:02:58] Fixed 4 duplicate /gene - pal_1 pal_2 pal_3 pal_4
[20:02:58] Fixed 3 duplicate /gene - iscS_1 iscS_2 iscS_3
[20:02:58] Fixed 2 duplicate /gene - petB_1 petB_2
[20:02:58] Fixed 3 duplicate /gene - tatC_1 tatC_2 tatC_3
[20:02:58] Fixed 2 duplicate /gene - purL_1 purL_2
[20:02:58] Fixed 2 duplicate /gene - dnaK_1 dnaK_2
[20:02:58] Fixed 6 duplicate /gene - czcA_1 czcA_2 czcA_3 czcA_4 czcA_5 czcA_6
[20:02:58] Fixed 2 duplicate /gene - mdtC_1 mdtC_2
[20:02:58] Fixed 2 duplicate /gene - pgsA_1 pgsA_2
[20:02:58] Fixed 2 duplicate /gene - radA_1 radA_2
[20:02:58] Fixed 2 duplicate /gene - def_1 def_2
[20:02:58] Fixed 2 duplicate /gene - phoP_1 phoP_2
[20:02:58] Fixed 2 duplicate /gene - tolB_1 tolB_2
[20:02:58] Fixed 2 duplicate /gene - tufA_1 tufA_2
[20:02:58] Fixed 2 duplicate /gene - auaH_1 auaH_2
[20:02:58] Fixed 3 duplicate /gene - tolQ_1 tolQ_2 tolQ_3
[20:02:58] Fixed 2 duplicate /gene - treS_1 treS_2
[20:02:58] Fixed 7 duplicate /gene - mshA_1 mshA_2 mshA_3 mshA_4 mshA_5 mshA_6 mshA_7
[20:02:58] Fixed 2 duplicate /gene - hndC_1 hndC_2
[20:02:58] Fixed 2 duplicate /gene - farB_1 farB_2
[20:02:58] Fixed 2 duplicate /gene - hcf136_1 hcf136_2
[20:02:58] Fixed 2 duplicate /gene - gcvT_1 gcvT_2
[20:02:58] Fixed 2 duplicate /gene - recC_1 recC_2
[20:02:58] Fixed 2 duplicate /gene - leuC_1 leuC_2
[20:02:58] Fixed 3 duplicate /gene - sctC_1 sctC_2 sctC_3
[20:02:58] Fixed 5 duplicate /gene - tmk_1 tmk_2 tmk_3 tmk_4 tmk_5
[20:02:58] Fixed 2 duplicate /gene - cusA_1 cusA_2
[20:02:58] Fixed 2 duplicate /gene - ybhF_1 ybhF_2
[20:02:58] Fixed 2 duplicate /gene - mtnW_1 mtnW_2
[20:02:58] Fixed 2 duplicate /gene - dinG_1 dinG_2
[20:02:58] Fixed 2 duplicate /gene - hup_1 hup_2
[20:02:58] Fixed 4 duplicate /gene - pmbA_1 pmbA_2 pmbA_3 pmbA_4
[20:02:58] Fixed 2 duplicate /gene - lnt_1 lnt_2
[20:02:58] Fixed 2 duplicate /gene - tam_1 tam_2
[20:02:58] Fixed 3 duplicate /gene - cusB_1 cusB_2 cusB_3
[20:02:58] Fixed 2 duplicate /gene - vgb_1 vgb_2
[20:02:58] Fixed 2 duplicate /gene - cysG_1 cysG_2
[20:02:58] Fixed 2 duplicate /gene - icd_1 icd_2
[20:02:58] Fixed 2 duplicate /gene - uppP_1 uppP_2
[20:02:58] Fixed 6 duplicate /gene - mdtA_1 mdtA_2 mdtA_3 mdtA_4 mdtA_5 mdtA_6
[20:02:58] Fixed 2 duplicate /gene - nifD_1 nifD_2
[20:02:58] Fixed 2 duplicate /gene - rpfG_1 rpfG_2
[20:02:58] Fixed 2 duplicate /gene - tal_1 tal_2
[20:02:58] Fixed 2 duplicate /gene - proP_1 proP_2
[20:02:58] Fixed 2 duplicate /gene - yijE_1 yijE_2
[20:02:58] Fixed 2 duplicate /gene - rny_1 rny_2
[20:02:58] Fixed 2 duplicate /gene - ccsA_1 ccsA_2
[20:02:58] Fixed 2 duplicate /gene - gph_1 gph_2
[20:02:58] Fixed 2 duplicate /gene - ndhK_1 ndhK_2
[20:02:58] Fixed 2 duplicate /gene - ywlC_1 ywlC_2
[20:02:58] Fixed 2 duplicate /gene - tusA_1 tusA_2
[20:02:58] Fixed 5 duplicate /gene - cpoB_1 cpoB_2 cpoB_3 cpoB_4 cpoB_5
[20:02:58] Fixed 3 duplicate /gene - tsdA_1 tsdA_2 tsdA_3
[20:02:58] Fixed 2 duplicate /gene - trmFO_1 trmFO_2
[20:02:58] Fixed 2 duplicate /gene - flgK_1 flgK_2
[20:02:58] Fixed 8 duplicate /gene - bepA_1 bepA_2 bepA_3 bepA_4 bepA_5 bepA_6 bepA_7 bepA_8
[20:02:58] Fixed 5 duplicate /gene - tldD_1 tldD_2 tldD_3 tldD_4 tldD_5
[20:02:58] Fixed 2 duplicate /gene - bcsZ_1 bcsZ_2
[20:02:58] Fixed 4 duplicate /gene - fhs_1 fhs_2 fhs_3 fhs_4
[20:02:58] Fixed 5 duplicate /gene - ndhB_1 ndhB_2 ndhB_3 ndhB_4 ndhB_5
[20:02:58] Fixed 2 duplicate /gene - lon_1 lon_2
[20:02:58] Fixed 2 duplicate /gene - mpa_1 mpa_2
[20:02:58] Fixed 2 duplicate /gene - prfC_1 prfC_2
[20:02:58] Fixed 2 duplicate /gene - topA_1 topA_2
[20:02:58] Fixed 2 duplicate /gene - nsrR_1 nsrR_2
[20:02:58] Fixed 2 duplicate /gene - aroB_1 aroB_2
[20:02:58] Fixed 2 duplicate /gene - petC_1 petC_2
[20:02:58] Fixed 2 duplicate /gene - nadC_1 nadC_2
[20:02:58] Fixed 2 duplicate /gene - mnmG_1 mnmG_2
[20:02:58] Fixed 2 duplicate /gene - mdtD_1 mdtD_2
[20:02:58] Fixed 5 duplicate /gene - ilvD_1 ilvD_2 ilvD_3 ilvD_4 ilvD_5
[20:02:58] Fixed 7 duplicate /gene - atoC_1 atoC_2 atoC_3 atoC_4 atoC_5 atoC_6 atoC_7
[20:02:58] Fixed 2 duplicate /gene - amiE_1 amiE_2
[20:02:58] Fixed 2 duplicate /gene - prcB_1 prcB_2
[20:02:58] Fixed 2 duplicate /gene - hag_1 hag_2
[20:02:58] Fixed 3 duplicate /gene - priA_1 priA_2 priA_3
[20:02:58] Fixed 2 duplicate /gene - gpmA_1 gpmA_2
[20:02:58] Fixed 2 duplicate /gene - prcA_1 prcA_2
[20:02:58] Fixed 2 duplicate /gene - lpxA_1 lpxA_2
[20:02:58] Fixed 2 duplicate /gene - rnc_1 rnc_2
[20:02:58] Fixed 2 duplicate /gene - dppB_1 dppB_2
[20:02:58] Fixed 2 duplicate /gene - lapB_1 lapB_2
[20:02:58] Fixed 2 duplicate /gene - cbiET_1 cbiET_2
[20:02:58] Fixed 2 duplicate /gene - glmS_1 glmS_2
[20:02:58] Fixed 2 duplicate /gene - mlaE_1 mlaE_2
[20:02:58] Fixed 2 duplicate /gene - leuA_1 leuA_2
[20:02:58] Fixed 2 duplicate /gene - recD2_1 recD2_2
[20:02:58] Fixed 6 duplicate /gene - sasA_1 sasA_2 sasA_3 sasA_4 sasA_5 sasA_6
[20:02:58] Fixed 2 duplicate /gene - tatB_1 tatB_2
[20:02:58] Fixed 2 duplicate /gene - ubiE_1 ubiE_2
[20:02:58] Fixed 2 duplicate /gene - ccoN1_1 ccoN1_2
[20:02:58] Fixed 2 duplicate /gene - sucD_1 sucD_2
[20:02:58] Fixed 2 duplicate /gene - gloB_1 gloB_2
[20:02:58] Fixed 3 duplicate /gene - mdtB_1 mdtB_2 mdtB_3
[20:02:58] Fixed 2 duplicate /gene - tolC_1 tolC_2
[20:02:58] Fixed 2 duplicate /gene - fabH_1 fabH_2
[20:02:58] Fixed 3 duplicate /gene - dnaJ_1 dnaJ_2 dnaJ_3
[20:02:58] Fixed 2 duplicate /gene - emrA_1 emrA_2
[20:02:58] Fixed 2 duplicate /gene - pcrA_1 pcrA_2
[20:02:58] Fixed 2 duplicate /gene - btuD_1 btuD_2
[20:02:58] Fixed 3 duplicate /gene - dop_1 dop_2 dop_3
[20:02:58] Fixed 2 duplicate /gene - wbgU_1 wbgU_2
[20:02:58] Fixed 6 duplicate /gene - norR_1 norR_2 norR_3 norR_4 norR_5 norR_6
[20:02:58] Fixed 2 duplicate /gene - hisC_1 hisC_2
[20:02:58] Fixed 4 duplicate /gene - COQ5_1 COQ5_2 COQ5_3 COQ5_4
[20:02:58] Fixed 2 duplicate /gene - hisF_1 hisF_2
[20:02:58] Fixed 3 duplicate /gene - merA_1 merA_2 merA_3
[20:02:58] Fixed 2 duplicate /gene - thrC_1 thrC_2
[20:02:58] Fixed 2 duplicate /gene - hpnE_1 hpnE_2
[20:02:58] Fixed 2 duplicate /gene - recD_1 recD_2
[20:02:58] Fixed 5 duplicate /gene - glnB_1 glnB_2 glnB_3 glnB_4 glnB_5
[20:02:58] Fixed 5 duplicate /gene - rcsC_1 rcsC_2 rcsC_3 rcsC_4 rcsC_5
[20:02:58] Fixed 2 duplicate /gene - sucC_1 sucC_2
[20:02:58] Fixed 6 duplicate /gene - xerC_1 xerC_2 xerC_3 xerC_4 xerC_5 xerC_6
[20:02:58] Fixed 2 duplicate /gene - trmR_1 trmR_2
[20:02:58] Fixed 2 duplicate /gene - tolR_1 tolR_2
[20:02:58] Fixed 2 duplicate /gene - cobQ_1 cobQ_2
[20:02:58] Fixed 2 duplicate /gene - iolS_1 iolS_2
[20:02:58] Fixed 4 duplicate /gene - soj_1 soj_2 soj_3 soj_4
[20:02:58] Fixed 2 duplicate /gene - pepN_1 pepN_2
[20:02:58] Fixed 2 duplicate /gene - fdx_1 fdx_2
[20:02:58] Fixed 4 duplicate /gene - resA_1 resA_2 resA_3 resA_4
[20:02:58] Fixed 2 duplicate /gene - flgG_1 flgG_2
[20:02:58] Fixed 2 duplicate /gene - lexA_1 lexA_2
[20:02:58] Fixed 3 duplicate /gene - swrC_1 swrC_2 swrC_3
[20:02:58] Fixed 2 duplicate /gene - ahcY_1 ahcY_2
[20:02:58] Fixed 2 duplicate /gene - dksA_1 dksA_2
[20:02:58] Fixed 2 duplicate /gene - gtaB_1 gtaB_2
[20:02:58] Fixed 130 colliding /gene names.
[20:02:58] Adding /locus_tag identifiers
[20:02:58] Assigned 2709 locus_tags to CDS and RNA features.
[20:02:58] Writing outputs to /home/nelmak/Project-Genome-Analysis-Paper-2/genome_analyses/analyses/03_genome_annotation//
[20:03:02] Generating annotation statistics file
[20:03:02] Generating Genbank and Sequin files
[20:03:02] Running: tbl2asn -V b -a r10k -l paired-ends -M n -N 1 -y 'Annotated using prokka 1.14.6 from https://github.com/tseemann/prokka' -Z \/home\/nelmak\/Project\-Genome\-Analysis\-Paper\-2\/genome_analyses\/analyses\/03_genome_annotation\/\/PROKKA_04172023\.err -i \/home\/nelmak\/Project\-Genome\-Analysis\-Paper\-2\/genome_analyses\/analyses\/03_genome_annotation\/\/PROKKA_04172023\.fsa 2> /dev/null
[20:03:07] Deleting unwanted file: /home/nelmak/Project-Genome-Analysis-Paper-2/genome_analyses/analyses/03_genome_annotation//errorsummary.val
[20:03:07] Deleting unwanted file: /home/nelmak/Project-Genome-Analysis-Paper-2/genome_analyses/analyses/03_genome_annotation//PROKKA_04172023.dr
[20:03:07] Deleting unwanted file: /home/nelmak/Project-Genome-Analysis-Paper-2/genome_analyses/analyses/03_genome_annotation//PROKKA_04172023.fixedproducts
[20:03:07] Deleting unwanted file: /home/nelmak/Project-Genome-Analysis-Paper-2/genome_analyses/analyses/03_genome_annotation//PROKKA_04172023.ecn
[20:03:07] Deleting unwanted file: /home/nelmak/Project-Genome-Analysis-Paper-2/genome_analyses/analyses/03_genome_annotation//PROKKA_04172023.val
[20:03:07] Repairing broken .GBK output that tbl2asn produces...
[20:03:07] Running: sed 's/COORDINATES: profile/COORDINATES:profile/' < \/home\/nelmak\/Project\-Genome\-Analysis\-Paper\-2\/genome_analyses\/analyses\/03_genome_annotation\/\/PROKKA_04172023\.gbf > \/home\/nelmak\/Project\-Genome\-Analysis\-Paper\-2\/genome_analyses\/analyses\/03_genome_annotation\/\/PROKKA_04172023\.gbk
[20:03:07] Deleting unwanted file: /home/nelmak/Project-Genome-Analysis-Paper-2/genome_analyses/analyses/03_genome_annotation//PROKKA_04172023.gbf
[20:03:07] Output files:
[20:03:07] /home/nelmak/Project-Genome-Analysis-Paper-2/genome_analyses/analyses/03_genome_annotation/PROKKA_04172023.log
[20:03:07] /home/nelmak/Project-Genome-Analysis-Paper-2/genome_analyses/analyses/03_genome_annotation/PROKKA_04172023.fna
[20:03:07] /home/nelmak/Project-Genome-Analysis-Paper-2/genome_analyses/analyses/03_genome_annotation/PROKKA_04172023.gff
[20:03:07] /home/nelmak/Project-Genome-Analysis-Paper-2/genome_analyses/analyses/03_genome_annotation/PROKKA_04172023.faa
[20:03:07] /home/nelmak/Project-Genome-Analysis-Paper-2/genome_analyses/analyses/03_genome_annotation/PROKKA_04172023.ffn
[20:03:07] /home/nelmak/Project-Genome-Analysis-Paper-2/genome_analyses/analyses/03_genome_annotation/PROKKA_04172023.tbl
[20:03:07] /home/nelmak/Project-Genome-Analysis-Paper-2/genome_analyses/analyses/03_genome_annotation/PROKKA_04172023.fsa
[20:03:07] /home/nelmak/Project-Genome-Analysis-Paper-2/genome_analyses/analyses/03_genome_annotation/PROKKA_04172023.tsv
[20:03:07] /home/nelmak/Project-Genome-Analysis-Paper-2/genome_analyses/analyses/03_genome_annotation/PROKKA_04172023.txt
[20:03:07] /home/nelmak/Project-Genome-Analysis-Paper-2/genome_analyses/analyses/03_genome_annotation/PROKKA_04172023.gbk
[20:03:07] /home/nelmak/Project-Genome-Analysis-Paper-2/genome_analyses/analyses/03_genome_annotation/PROKKA_04172023.sqn
[20:03:07] /home/nelmak/Project-Genome-Analysis-Paper-2/genome_analyses/analyses/03_genome_annotation/PROKKA_04172023.err
[20:03:07] Annotation finished successfully.
[20:03:07] Walltime used: 5.03 minutes
[20:03:07] If you use this result please cite the Prokka paper:
[20:03:07] Seemann T (2014) Prokka: rapid prokaryotic genome annotation. Bioinformatics. 30(14):2068-9.
[20:03:07] Type 'prokka --citation' for more details.
[20:03:07] Thank you, come again.
[3;J[H[2J