/sw/bioinfo/quast/5.0.2/snowy/bin/quast.py -o /home/nelmak/Project-Genome-Analysis-Paper-2/genome_analyses/analyses/02_assembly_evaluation/02_01_assembly_evaluation /home/nelmak/Project-Genome-Analysis-Paper-2/genome_analyses/analyses/01_genome_assembly/01_01_assembly_canu.contigs.fasta

Version: 5.0.2

System information:
  OS: Linux-3.10.0-1160.88.1.el7.x86_64-x86_64-with-centos-7.9.2009-Core (linux_64)
  Python version: 3.7.2
  CPUs number: 16

Started: 2023-04-17 19:42:06

Logging to /home/nelmak/Project-Genome-Analysis-Paper-2/genome_analyses/analyses/02_assembly_evaluation/02_01_assembly_evaluation/quast.log
NOTICE: Maximum number of threads is set to 4 (use --threads option to set it manually)

CWD: /domus/h1/nelmak/Project-Genome-Analysis-Paper-2/genome_analyses/code
Main parameters: 
  MODE: default, threads: 4, minimum contig length: 500, minimum alignment length: 65, \
  ambiguity: one, threshold for extensive misassembly size: 1000

Contigs:
  Pre-processing...
  /home/nelmak/Project-Genome-Analysis-Paper-2/genome_analyses/analyses/01_genome_assembly/01_01_assembly_canu.contigs.fasta ==> 01_01_assembly_canu.contigs

2023-04-17 19:42:07
Running Basic statistics processor...
  Contig files: 
    01_01_assembly_canu.contigs
  Calculating N50 and L50...
    01_01_assembly_canu.contigs, N50 = 2581413, L50 = 1, Total length = 2675032, GC % = 54.05, # N's per 100 kbp =  0.00
  Drawing Nx plot...
    saved to /home/nelmak/Project-Genome-Analysis-Paper-2/genome_analyses/analyses/02_assembly_evaluation/02_01_assembly_evaluation/basic_stats/Nx_plot.pdf
  Drawing cumulative plot...
    saved to /home/nelmak/Project-Genome-Analysis-Paper-2/genome_analyses/analyses/02_assembly_evaluation/02_01_assembly_evaluation/basic_stats/cumulative_plot.pdf
  Drawing GC content plot...
    saved to /home/nelmak/Project-Genome-Analysis-Paper-2/genome_analyses/analyses/02_assembly_evaluation/02_01_assembly_evaluation/basic_stats/GC_content_plot.pdf
  Drawing 01_01_assembly_canu.contigs GC content plot...
    saved to /home/nelmak/Project-Genome-Analysis-Paper-2/genome_analyses/analyses/02_assembly_evaluation/02_01_assembly_evaluation/basic_stats/01_01_assembly_canu.contigs_GC_content_plot.pdf
Done.

NOTICE: Genes are not predicted by default. Use --gene-finding or --glimmer option to enable it.

2023-04-17 19:42:08
Creating large visual summaries...
This may take a while: press Ctrl-C to skip this step..
  1 of 2: Creating Icarus viewers...
  2 of 2: Creating PDF with all tables and plots...
Done

2023-04-17 19:42:09
RESULTS:
  Text versions of total report are saved to /home/nelmak/Project-Genome-Analysis-Paper-2/genome_analyses/analyses/02_assembly_evaluation/02_01_assembly_evaluation/report.txt, report.tsv, and report.tex
  Text versions of transposed total report are saved to /home/nelmak/Project-Genome-Analysis-Paper-2/genome_analyses/analyses/02_assembly_evaluation/02_01_assembly_evaluation/transposed_report.txt, transposed_report.tsv, and transposed_report.tex
  HTML version (interactive tables and plots) is saved to /home/nelmak/Project-Genome-Analysis-Paper-2/genome_analyses/analyses/02_assembly_evaluation/02_01_assembly_evaluation/report.html
  PDF version (tables and plots) is saved to /home/nelmak/Project-Genome-Analysis-Paper-2/genome_analyses/analyses/02_assembly_evaluation/02_01_assembly_evaluation/report.pdf
  Icarus (contig browser) is saved to /home/nelmak/Project-Genome-Analysis-Paper-2/genome_analyses/analyses/02_assembly_evaluation/02_01_assembly_evaluation/icarus.html
  Log is saved to /home/nelmak/Project-Genome-Analysis-Paper-2/genome_analyses/analyses/02_assembly_evaluation/02_01_assembly_evaluation/quast.log

Finished: 2023-04-17 19:42:09
Elapsed time: 0:00:02.824593
NOTICEs: 2; WARNINGs: 0; non-fatal ERRORs: 0

Thank you for using QUAST!
