canu/2.0 has the useGrid option default set to useGrid=false. This can be overriden by another configuration file or a command-line option.
-- Canu 2.0
--
-- Detected Java(TM) Runtime Environment '1.8.0_151' (from '/sw/comp/java/x86_64/sun_jdk1.8.0_151/bin/java') with -d64 support.
-- Detected gnuplot version '4.6 patchlevel 2   ' (from 'gnuplot') and image format 'png'.
-- Detected 16 CPUs and 126 gigabytes of memory.
-- Limited to 4 CPUs from maxThreads option.
-- Detected Slurm with 'sinfo' binary in /usr/bin/sinfo.
-- Grid engine and staging disabled per useGrid=false option.
--
--                                (tag)Concurrency
--                         (tag)Threads          |
--                (tag)Memory         |          |
--        (tag)             |         |          |       total usage      algorithm
--        -------  ----------  --------   --------  --------------------  -----------------------------
-- Local: meryl     12.000 GB    4 CPUs x   1 job     12.000 GB   4 CPUs  (k-mer counting)
-- Local: hap        8.000 GB    4 CPUs x   1 job      8.000 GB   4 CPUs  (read-to-haplotype assignment)
-- Local: cormhap    6.000 GB    4 CPUs x   1 job      6.000 GB   4 CPUs  (overlap detection with mhap)
-- Local: obtovl     4.000 GB    4 CPUs x   1 job      4.000 GB   4 CPUs  (overlap detection)
-- Local: utgovl     4.000 GB    4 CPUs x   1 job      4.000 GB   4 CPUs  (overlap detection)
-- Local: cor        8.000 GB    4 CPUs x   1 job      8.000 GB   4 CPUs  (read correction)
-- Local: ovb        4.000 GB    1 CPU  x   4 jobs    16.000 GB   4 CPUs  (overlap store bucketizer)
-- Local: ovs        8.000 GB    1 CPU  x   4 jobs    32.000 GB   4 CPUs  (overlap store sorting)
-- Local: red       16.000 GB    4 CPUs x   1 job     16.000 GB   4 CPUs  (read error detection)
-- Local: oea        8.000 GB    1 CPU  x   4 jobs    32.000 GB   4 CPUs  (overlap error adjustment)
-- Local: bat       16.000 GB    4 CPUs x   1 job     16.000 GB   4 CPUs  (contig construction with bogart)
-- Local: cns        -.--- GB    4 CPUs x   - jobs     -.--- GB   - CPUs  (consensus)
-- Local: gfa       16.000 GB    4 CPUs x   1 job     16.000 GB   4 CPUs  (GFA alignment and processing)
--
-- Found untrimmed raw PacBio CLR reads in the input files.
--
-- Generating assembly '01_01_assembly_canu' in '/domus/h1/nelmak/Project-Genome-Analysis-Paper-2/genome_analyses/analyses/01_genome_assembly':
--    - correct raw reads.
--    - trim corrected reads.
--    - assemble corrected and trimmed reads.
--
-- Parameters:
--
--  genomeSize        2400000
--
--  Overlap Generation Limits:
--    corOvlErrorRate 0.2400 ( 24.00%)
--    obtOvlErrorRate 0.0450 (  4.50%)
--    utgOvlErrorRate 0.0450 (  4.50%)
--
--  Overlap Processing Limits:
--    corErrorRate    0.3000 ( 30.00%)
--    obtErrorRate    0.0450 (  4.50%)
--    utgErrorRate    0.0450 (  4.50%)
--    cnsErrorRate    0.0750 (  7.50%)
--
--
-- BEGIN CORRECTION
--
----------------------------------------
-- Starting command on Sun Apr 16 04:47:01 2023 with 10120.561 GB free disk space

    cd .
    ./01_01_assembly_canu.seqStore.sh \
    > ./01_01_assembly_canu.seqStore.err 2>&1

-- Finished on Sun Apr 16 04:48:13 2023 (72 seconds) with 10119.78 GB free disk space
----------------------------------------
----------------------------------------
-- Starting command on Sun Apr 16 04:48:13 2023 with 10119.78 GB free disk space

    cd .
    /sw/bioinfo/canu/2.0/rackham/Linux-amd64/bin/sqStoreDumpMetaData \
      -S ./01_01_assembly_canu.seqStore \
      -raw \
      -histogram \
      -lengths \
    > ./01_01_assembly_canu.seqStore/readlengths-cor.dat \
    2> ./01_01_assembly_canu.seqStore/readlengths-cor.err 
    

-- Finished on Sun Apr 16 04:48:13 2023 (furiously fast) with 10119.779 GB free disk space
----------------------------------------
----------------------------------------
-- Starting command on Sun Apr 16 04:48:13 2023 with 10119.779 GB free disk space

    cd .
    /sw/bioinfo/canu/2.0/rackham/Linux-amd64/bin/sqStoreDumpMetaData \
      -S ./01_01_assembly_canu.seqStore \
      -raw \
      -histogram \
    > ./01_01_assembly_canu.seqStore/readlengths-cor.txt \
    2> ./01_01_assembly_canu.seqStore/readlengths-cor.err 
    

-- Finished on Sun Apr 16 04:48:13 2023 (fast as lightning) with 10119.779 GB free disk space
----------------------------------------
--
-- In sequence store './01_01_assembly_canu.seqStore':
--   Found 34492 reads.
--   Found 480014246 bases (200 times coverage).
--    
--    G=480014246                        sum of  ||               length     num
--    NG         length     index       lengths  ||                range    seqs
--    ----- ------------ --------- ------------  ||  ------------------- -------
--    00010        38701      1079     48014687  ||       1000-2904         5145|---------------------------------------------------------------
--    00020        33683      2414     96014179  ||       2905-4809         3025|--------------------------------------
--    00030        28744      3956    144030145  ||       4810-6714         2553|--------------------------------
--    00040        24441      5771    192028545  ||       6715-8619         2460|-------------------------------
--    00050        20689      7904    240024444  ||       8620-10524        2625|---------------------------------
--    00060        17406     10435    288018434  ||      10525-12429        2766|----------------------------------
--    00070        14392     13471    336016087  ||      12430-14334        2382|------------------------------
--    00080        11533     17191    384012329  ||      14335-16239        2031|-------------------------
--    00090         8006     22073    432018299  ||      16240-18144        1682|---------------------
--    00100         1000     34491    480014246  ||      18145-20049        1491|-------------------
--    001.000x               34492    480014246  ||      20050-21954        1186|---------------
--                                               ||      21955-23859        1082|--------------
--                                               ||      23860-25764         941|------------
--                                               ||      25765-27669         774|----------
--                                               ||      27670-29574         676|---------
--                                               ||      29575-31479         611|--------
--                                               ||      31480-33384         558|-------
--                                               ||      33385-35289         596|--------
--                                               ||      35290-37194         530|-------
--                                               ||      37195-39099         377|-----
--                                               ||      39100-41004         272|----
--                                               ||      41005-42909         183|---
--                                               ||      42910-44814         155|--
--                                               ||      44815-46719         120|--
--                                               ||      46720-48624          80|-
--                                               ||      48625-50529          65|-
--                                               ||      50530-52434          40|-
--                                               ||      52435-54339          17|-
--                                               ||      54340-56244          21|-
--                                               ||      56245-58149          19|-
--                                               ||      58150-60054           8|-
--                                               ||      60055-61959           6|-
--                                               ||      61960-63864           3|-
--                                               ||      63865-65769           5|-
--                                               ||      65770-67674           1|-
--                                               ||      67675-69579           3|-
--                                               ||      69580-71484           1|-
--                                               ||      71485-73389           0|
--                                               ||      73390-75294           0|
--                                               ||      75295-77199           0|
--                                               ||      77200-79104           0|
--                                               ||      79105-81009           1|-
--                                               ||      81010-82914           0|
--                                               ||      82915-84819           0|
--                                               ||      84820-86724           0|
--                                               ||      86725-88629           0|
--                                               ||      88630-90534           0|
--                                               ||      90535-92439           0|
--                                               ||      92440-94344           0|
--                                               ||      94345-96249           1|-
--    
-- New report created.
----------------------------------------
-- Starting command on Sun Apr 16 04:48:13 2023 with 10119.779 GB free disk space

    cd correction/0-mercounts
    ./meryl-configure.sh \
    > ./meryl-configure.err 2>&1

-- Finished on Sun Apr 16 04:48:14 2023 (one second) with 10119.779 GB free disk space
----------------------------------------
--  segments   memory batches
--  -------- -------- -------
--        01  1.25 GB       1
--        02  0.62 GB       1
--        04  0.31 GB       1
--
--  For 34492 reads with 480014246 bases, limit to 4 batches.
--  Will count kmers using 01 jobs, each using 3 GB and 4 threads.
--
-- Report changed.
-- Finished stage 'merylConfigure', reset canuIteration.
-- No change in report.
--
-- Running jobs.  First attempt out of 2.
----------------------------------------
-- Starting 'meryl' concurrent execution on Sun Apr 16 04:48:14 2023 with 10119.779 GB free disk space (1 processes; 1 concurrently)

    cd correction/0-mercounts
    ./meryl-count.sh 1 > ./meryl-count.000001.out 2>&1

-- Finished on Sun Apr 16 04:49:07 2023 (53 seconds) with 10118.368 GB free disk space
----------------------------------------
-- Found 1 Kmer counting (meryl) outputs.
-- No change in report.
-- Finished stage 'cor-merylCountCheck', reset canuIteration.
-- No change in report.
--
-- Running jobs.  First attempt out of 2.
----------------------------------------
-- Starting 'meryl' concurrent execution on Sun Apr 16 04:49:07 2023 with 10118.368 GB free disk space (1 processes; 1 concurrently)

    cd correction/0-mercounts
    ./meryl-process.sh 1 > ./meryl-process.000001.out 2>&1

-- Finished on Sun Apr 16 04:49:36 2023 (29 seconds) with 10117.82 GB free disk space
----------------------------------------
-- Meryl finished successfully.  Kmer frequency histogram:
--
--  16-mers                                                                                           Fraction
--    Occurrences   NumMers                                                                         Unique Total
--       1-     1         0                                                                        0.0000 0.0000
--       2-     2  40980954 ********************************************************************** 0.6558 0.3733
--       3-     4  14496452 ************************                                               0.8233 0.5163
--       5-     7   3501873 *****                                                                  0.9185 0.6334
--       8-    11    789410 *                                                                      0.9492 0.6915
--      12-    16    523587                                                                        0.9579 0.7166
--      17-    22   1004651 *                                                                      0.9672 0.7568
--      23-    29    862706 *                                                                      0.9836 0.8526
--      30-    37    262759                                                                        0.9957 0.9441
--      38-    46     41933                                                                        0.9991 0.9758
--      47-    56     10957                                                                        0.9996 0.9823
--      57-    67      4041                                                                        0.9998 0.9846
--      68-    79      1847                                                                        0.9998 0.9856
--      80-    92      1171                                                                        0.9999 0.9862
--      93-   106      1302                                                                        0.9999 0.9867
--     107-   121      1341                                                                        0.9999 0.9873
--     122-   137      1005                                                                        0.9999 0.9880
--     138-   154       694                                                                        0.9999 0.9885
--     155-   172       511                                                                        1.0000 0.9890
--     173-   191       341                                                                        1.0000 0.9894
--     192-   211       213                                                                        1.0000 0.9896
--     212-   232       157                                                                        1.0000 0.9898
--     233-   254       106                                                                        1.0000 0.9900
--     255-   277       105                                                                        1.0000 0.9901
--     278-   301       126                                                                        1.0000 0.9902
--     302-   326       163                                                                        1.0000 0.9904
--     327-   352       162                                                                        1.0000 0.9906
--     353-   379       126                                                                        1.0000 0.9909
--     380-   407       128                                                                        1.0000 0.9911
--     408-   436        80                                                                        1.0000 0.9913
--     437-   466        75                                                                        1.0000 0.9915
--     467-   497        64                                                                        1.0000 0.9916
--     498-   529        49                                                                        1.0000 0.9918
--     530-   562        51                                                                        1.0000 0.9919
--     563-   596        36                                                                        1.0000 0.9920
--     597-   631        16                                                                        1.0000 0.9921
--     632-   667        17                                                                        1.0000 0.9922
--     668-   704         8                                                                        1.0000 0.9922
--     705-   742        13                                                                        1.0000 0.9922
--     743-   781         7                                                                        1.0000 0.9923
--     782-   821         7                                                                        1.0000 0.9923
--
--           0 (max occurrences)
--   219567035 (total mers, non-unique)
--    62489532 (distinct mers, non-unique)
--           0 (unique mers)
-- Report changed.
-- Finished stage 'meryl-process', reset canuIteration.
--
-- Removing meryl database 'correction/0-mercounts/01_01_assembly_canu.ms16'.
--
-- OVERLAPPER (mhap) (correction)
--
-- Set corMhapSensitivity=low based on read coverage of 200.
--
-- PARAMETERS: hashes=256, minMatches=3, threshold=0.8
--
-- Given 5.4 GB, can fit 16200 reads per block.
-- For 15 blocks, set stride to 2 blocks.
-- Logging partitioning to 'correction/1-overlapper/partitioning.log'.
-- Configured 14 mhap precompute jobs.
-- Configured 50 mhap overlap jobs.
-- No change in report.
-- Finished stage 'cor-mhapConfigure', reset canuIteration.
-- No change in report.
--
-- Running jobs.  First attempt out of 2.
----------------------------------------
-- Starting 'cormhap' concurrent execution on Sun Apr 16 04:49:37 2023 with 10117.817 GB free disk space (14 processes; 1 concurrently)

    cd correction/1-overlapper
    ./precompute.sh 1 > ./precompute.000001.out 2>&1
    ./precompute.sh 2 > ./precompute.000002.out 2>&1
    ./precompute.sh 3 > ./precompute.000003.out 2>&1
    ./precompute.sh 4 > ./precompute.000004.out 2>&1
    ./precompute.sh 5 > ./precompute.000005.out 2>&1
    ./precompute.sh 6 > ./precompute.000006.out 2>&1
    ./precompute.sh 7 > ./precompute.000007.out 2>&1
    ./precompute.sh 8 > ./precompute.000008.out 2>&1
    ./precompute.sh 9 > ./precompute.000009.out 2>&1
    ./precompute.sh 10 > ./precompute.000010.out 2>&1
    ./precompute.sh 11 > ./precompute.000011.out 2>&1
    ./precompute.sh 12 > ./precompute.000012.out 2>&1
    ./precompute.sh 13 > ./precompute.000013.out 2>&1
    ./precompute.sh 14 > ./precompute.000014.out 2>&1

-- Finished on Sun Apr 16 05:26:52 2023 (2235 seconds) with 10113.507 GB free disk space
----------------------------------------
-- All 14 mhap precompute jobs finished successfully.
-- No change in report.
-- Finished stage 'cor-mhapPrecomputeCheck', reset canuIteration.
-- No change in report.
--
-- Running jobs.  First attempt out of 2.
----------------------------------------
-- Starting 'cormhap' concurrent execution on Sun Apr 16 05:26:52 2023 with 10113.507 GB free disk space (50 processes; 1 concurrently)

    cd correction/1-overlapper
    ./mhap.sh 1 > ./mhap.000001.out 2>&1
    ./mhap.sh 2 > ./mhap.000002.out 2>&1
    ./mhap.sh 3 > ./mhap.000003.out 2>&1
    ./mhap.sh 4 > ./mhap.000004.out 2>&1
    ./mhap.sh 5 > ./mhap.000005.out 2>&1
    ./mhap.sh 6 > ./mhap.000006.out 2>&1
    ./mhap.sh 7 > ./mhap.000007.out 2>&1
    ./mhap.sh 8 > ./mhap.000008.out 2>&1
    ./mhap.sh 9 > ./mhap.000009.out 2>&1
    ./mhap.sh 10 > ./mhap.000010.out 2>&1
    ./mhap.sh 11 > ./mhap.000011.out 2>&1
    ./mhap.sh 12 > ./mhap.000012.out 2>&1
    ./mhap.sh 13 > ./mhap.000013.out 2>&1
    ./mhap.sh 14 > ./mhap.000014.out 2>&1
    ./mhap.sh 15 > ./mhap.000015.out 2>&1
    ./mhap.sh 16 > ./mhap.000016.out 2>&1
    ./mhap.sh 17 > ./mhap.000017.out 2>&1
    ./mhap.sh 18 > ./mhap.000018.out 2>&1
    ./mhap.sh 19 > ./mhap.000019.out 2>&1
    ./mhap.sh 20 > ./mhap.000020.out 2>&1
    ./mhap.sh 21 > ./mhap.000021.out 2>&1
    ./mhap.sh 22 > ./mhap.000022.out 2>&1
    ./mhap.sh 23 > ./mhap.000023.out 2>&1
    ./mhap.sh 24 > ./mhap.000024.out 2>&1
    ./mhap.sh 25 > ./mhap.000025.out 2>&1
    ./mhap.sh 26 > ./mhap.000026.out 2>&1
    ./mhap.sh 27 > ./mhap.000027.out 2>&1
    ./mhap.sh 28 > ./mhap.000028.out 2>&1
    ./mhap.sh 29 > ./mhap.000029.out 2>&1
    ./mhap.sh 30 > ./mhap.000030.out 2>&1
    ./mhap.sh 31 > ./mhap.000031.out 2>&1
    ./mhap.sh 32 > ./mhap.000032.out 2>&1
    ./mhap.sh 33 > ./mhap.000033.out 2>&1
    ./mhap.sh 34 > ./mhap.000034.out 2>&1
    ./mhap.sh 35 > ./mhap.000035.out 2>&1
    ./mhap.sh 36 > ./mhap.000036.out 2>&1
    ./mhap.sh 37 > ./mhap.000037.out 2>&1
    ./mhap.sh 38 > ./mhap.000038.out 2>&1
    ./mhap.sh 39 > ./mhap.000039.out 2>&1
    ./mhap.sh 40 > ./mhap.000040.out 2>&1
    ./mhap.sh 41 > ./mhap.000041.out 2>&1
    ./mhap.sh 42 > ./mhap.000042.out 2>&1
    ./mhap.sh 43 > ./mhap.000043.out 2>&1
    ./mhap.sh 44 > ./mhap.000044.out 2>&1
    ./mhap.sh 45 > ./mhap.000045.out 2>&1
    ./mhap.sh 46 > ./mhap.000046.out 2>&1
    ./mhap.sh 47 > ./mhap.000047.out 2>&1
    ./mhap.sh 48 > ./mhap.000048.out 2>&1
    ./mhap.sh 49 > ./mhap.000049.out 2>&1
    ./mhap.sh 50 > ./mhap.000050.out 2>&1

-- Finished on Sun Apr 16 05:29:37 2023 (165 seconds) with 10113.472 GB free disk space
----------------------------------------
-- Found 50 mhap overlap output files.
-- No change in report.
-- Finished stage 'cor-mhapCheck', reset canuIteration.
----------------------------------------
-- Starting command on Sun Apr 16 05:29:37 2023 with 10113.472 GB free disk space

    cd correction
    /sw/bioinfo/canu/2.0/rackham/Linux-amd64/bin/ovStoreConfig \
     -S ../01_01_assembly_canu.seqStore \
     -M 4-8 \
     -L ./1-overlapper/ovljob.files \
     -create ./01_01_assembly_canu.ovlStore.config \
     > ./01_01_assembly_canu.ovlStore.config.txt \
    2> ./01_01_assembly_canu.ovlStore.config.err

-- Finished on Sun Apr 16 05:29:37 2023 (like a bat out of hell) with 10113.477 GB free disk space
----------------------------------------
--
-- Creating overlap store correction/01_01_assembly_canu.ovlStore using:
--      2 buckets
--      2 slices
--        using at most 1 GB memory each
-- No change in report.
-- Finished stage 'cor-overlapStoreConfigure', reset canuIteration.
-- No change in report.
--
-- Running jobs.  First attempt out of 2.
----------------------------------------
-- Starting 'ovB' concurrent execution on Sun Apr 16 05:29:37 2023 with 10113.477 GB free disk space (2 processes; 4 concurrently)

    cd correction/01_01_assembly_canu.ovlStore.BUILDING
    ./scripts/1-bucketize.sh 1 > ./logs/1-bucketize.000001.out 2>&1
    ./scripts/1-bucketize.sh 2 > ./logs/1-bucketize.000002.out 2>&1

-- Finished on Sun Apr 16 05:29:38 2023 (one second) with 10113.451 GB free disk space
----------------------------------------
-- Overlap store bucketizer finished.
-- No change in report.
-- Finished stage 'cor-overlapStoreBucketizerCheck', reset canuIteration.
-- No change in report.
--
-- Running jobs.  First attempt out of 2.
----------------------------------------
-- Starting 'ovS' concurrent execution on Sun Apr 16 05:29:38 2023 with 10113.451 GB free disk space (2 processes; 4 concurrently)

    cd correction/01_01_assembly_canu.ovlStore.BUILDING
    ./scripts/2-sort.sh 1 > ./logs/2-sort.000001.out 2>&1
    ./scripts/2-sort.sh 2 > ./logs/2-sort.000002.out 2>&1

-- Finished on Sun Apr 16 05:29:40 2023 (2 seconds) with 10113.402 GB free disk space
----------------------------------------
-- Overlap store sorter finished.
-- No change in report.
-- Finished stage 'cor-overlapStoreSorterCheck', reset canuIteration.
----------------------------------------
-- Starting command on Sun Apr 16 05:29:40 2023 with 10113.402 GB free disk space

    cd correction
    /sw/bioinfo/canu/2.0/rackham/Linux-amd64/bin/ovStoreIndexer \
      -O  ./01_01_assembly_canu.ovlStore.BUILDING \
      -S ../01_01_assembly_canu.seqStore \
      -C  ./01_01_assembly_canu.ovlStore.config \
      -delete \
    > ./01_01_assembly_canu.ovlStore.BUILDING.index.err 2>&1

-- Finished on Sun Apr 16 05:29:40 2023 (fast as lightning) with 10113.384 GB free disk space
----------------------------------------
-- Checking store.
----------------------------------------
-- Starting command on Sun Apr 16 05:29:40 2023 with 10113.384 GB free disk space

    cd correction
    /sw/bioinfo/canu/2.0/rackham/Linux-amd64/bin/ovStoreDump \
     -S ../01_01_assembly_canu.seqStore \
     -O  ./01_01_assembly_canu.ovlStore \
     -counts \
     > ./01_01_assembly_canu.ovlStore/counts.dat 2> ./01_01_assembly_canu.ovlStore/counts.err

-- Finished on Sun Apr 16 05:29:40 2023 (furiously fast) with 10113.382 GB free disk space
----------------------------------------
--
-- Overlap store 'correction/01_01_assembly_canu.ovlStore' successfully constructed.
-- Found 1441794 overlaps for 24151 reads; 191125 reads have no overlaps.
--
--
-- Purged 0.636 GB in 114 overlap output files.
-- No change in report.
-- Finished stage 'cor-createOverlapStore', reset canuIteration.
-- Set corMinCoverage=4 based on read coverage of 200.
-- Global filter scores will be estimated.
-- Computing correction layouts.
----------------------------------------
-- Starting command on Sun Apr 16 05:29:41 2023 with 10113.36 GB free disk space

    cd correction
    /sw/bioinfo/canu/2.0/rackham/Linux-amd64/bin/generateCorrectionLayouts \
      -S ../01_01_assembly_canu.seqStore \
      -O  ./01_01_assembly_canu.ovlStore \
      -C  ./01_01_assembly_canu.corStore.WORKING \
      -eC 80 \
    > ./01_01_assembly_canu.corStore.err 2>&1

-- Finished on Sun Apr 16 05:29:42 2023 (one second) with 10113.324 GB free disk space
----------------------------------------
-- No change in report.
-- Finished stage 'cor-buildCorrectionLayoutsConfigure', reset canuIteration.
-- Computing correction layouts.
----------------------------------------
-- Starting command on Sun Apr 16 05:29:42 2023 with 10113.324 GB free disk space

    cd correction/2-correction
    /sw/bioinfo/canu/2.0/rackham/Linux-amd64/bin/filterCorrectionLayouts \
      -S  ../../01_01_assembly_canu.seqStore \
      -C     ../01_01_assembly_canu.corStore \
      -R      ./01_01_assembly_canu.readsToCorrect.WORKING \
      -cc 4 \
      -cl 1000 \
      -g  2400000 \
      -c  40 \
    > ./01_01_assembly_canu.readsToCorrect.err 2>&1

-- Finished on Sun Apr 16 05:29:42 2023 (like a bat out of hell) with 10113.309 GB free disk space
----------------------------------------
--                             original      original
--                            raw reads     raw reads
--   category                w/overlaps  w/o/overlaps
--   -------------------- ------------- -------------
--   Number of Reads              21616        193660
--   Number of Bases          346128035      33229627
--   Coverage                   144.220        13.846
--   Median                       13488             0
--   Mean                         16012           171
--   N50                          21843         20051
--   Minimum                       1000             0
--   Maximum                      64278         64169
--   
--                                        --------corrected---------  ----------rescued----------
--                             evidence                     expected                     expected
--   category                     reads            raw     corrected            raw     corrected
--   -------------------- -------------  ------------- -------------  ------------- -------------
--   Number of Reads              19663           3674          3674            713           713
--   Number of Bases          341700831      109189602      96000569        4849321       2214398
--   Coverage                   142.375         45.496        40.000          2.021         0.923
--   Median                       14688          29432         24790           4490          2025
--   Mean                         17377          29719         26129           6801          3105
--   N50                          22382          31928         26815          11336          4226
--   Minimum                       1002          18416         18374           1017          1002
--   Maximum                      64278          59150         42204          33808         17371
--   
--                        --------uncorrected--------
--                                           expected
--   category                       raw     corrected
--   -------------------- ------------- -------------
--   Number of Reads             210889        210889
--   Number of Bases          265318739     121926193
--   Coverage                   110.549        50.803
--   Median                           0             0
--   Mean                          1258           578
--   N50                          16952         11856
--   Minimum                          0             0
--   Maximum                      64278         43857
--   
--   Maximum Memory          1106414246
-- Report changed.
-- Finished stage 'cor-filterCorrectionLayouts', reset canuIteration.
-- Using overlaps no worse than 0.3 fraction error for correcting reads (from corErrorRate parameter).
--
-- Configuring correction jobs:
--   Jobs limited to 8 GB per job (via option corMemory).
--   Reads estimated to need at most 1.03 GB for computation.
--   Leaving 6.97 GB memory for read data.
----------------------------------------
-- Starting command on Sun Apr 16 05:29:42 2023 with 10113.309 GB free disk space

    cd correction/2-correction
    ./correctReadsPartition.sh \
    > ./correctReadsPartition.err 2>&1

-- Finished on Sun Apr 16 05:29:43 2023 (one second) with 10113.309 GB free disk space
----------------------------------------
-- Using overlaps no worse than 0.3 fraction error for correcting reads (from corErrorRate parameter).
-- No change in report.
-- Finished stage 'cor-generateCorrectedReadsConfigure', reset canuIteration.
-- No change in report.
--
-- Running jobs.  First attempt out of 2.
----------------------------------------
-- Starting 'cor' concurrent execution on Sun Apr 16 05:29:43 2023 with 10113.309 GB free disk space (1 processes; 1 concurrently)

    cd correction/2-correction
    ./correctReads.sh 1 > ./correctReads.000001.out 2>&1

-- Finished on Sun Apr 16 05:58:54 2023 (1751 seconds) with 10109.995 GB free disk space
----------------------------------------
-- Found 1 read correction output files.
-- No change in report.
-- Finished stage 'cor-generateCorrectedReadsCheck', reset canuIteration.
-- Found 1 read correction output files.
-- No change in report.
-- Finished stage 'cor-generateCorrectedReadsCheck', reset canuIteration.
--
-- Loading corrected reads into corStore and seqStore.
----------------------------------------
-- Starting command on Sun Apr 16 05:58:54 2023 with 10109.995 GB free disk space

    cd correction
    /sw/bioinfo/canu/2.0/rackham/Linux-amd64/bin/loadCorrectedReads \
      -S ../01_01_assembly_canu.seqStore \
      -C ./01_01_assembly_canu.corStore \
      -L ./2-correction/corjob.files \
    >  ./01_01_assembly_canu.loadCorrectedReads.log \
    2> ./01_01_assembly_canu.loadCorrectedReads.err

-- Finished on Sun Apr 16 05:58:57 2023 (3 seconds) with 10109.928 GB free disk space
----------------------------------------
----------------------------------------
-- Starting command on Sun Apr 16 05:58:57 2023 with 10109.928 GB free disk space

    cd .
    /sw/bioinfo/canu/2.0/rackham/Linux-amd64/bin/sqStoreDumpMetaData \
      -S ./01_01_assembly_canu.seqStore \
      -corrected \
      -histogram \
      -lengths \
    > ./01_01_assembly_canu.seqStore/readlengths-obt.dat \
    2> ./01_01_assembly_canu.seqStore/readlengths-obt.err 
    

-- Finished on Sun Apr 16 05:58:57 2023 (furiously fast) with 10109.927 GB free disk space
----------------------------------------
----------------------------------------
-- Starting command on Sun Apr 16 05:58:57 2023 with 10109.927 GB free disk space

    cd .
    /sw/bioinfo/canu/2.0/rackham/Linux-amd64/bin/sqStoreDumpMetaData \
      -S ./01_01_assembly_canu.seqStore \
      -corrected \
      -histogram \
    > ./01_01_assembly_canu.seqStore/readlengths-obt.txt \
    2> ./01_01_assembly_canu.seqStore/readlengths-obt.err 
    

-- Finished on Sun Apr 16 05:58:57 2023 (like a bat out of hell) with 10109.927 GB free disk space
----------------------------------------
--
-- In sequence store './01_01_assembly_canu.seqStore':
--   Found 3858 reads.
--   Found 80970012 bases (33.73 times coverage).
--    
--    G=80970012                         sum of  ||               length     num
--    NG         length     index       lengths  ||                range    seqs
--    ----- ------------ --------- ------------  ||  ------------------- -------
--    00010        33914       225      8102490  ||         73-878            75|-------------------
--    00020        31037       475     16206218  ||        879-1684          118|-----------------------------
--    00030        28337       748     24291850  ||       1685-2490           40|----------
--    00040        25804      1048     32403245  ||       2491-3296           16|----
--    00050        23625      1376     40504387  ||       3297-4102           11|---
--    00060        21783      1733     48599344  ||       4103-4908           12|---
--    00070        20277      2118     56683117  ||       4909-5714            7|--
--    00080        18909      2532     64778641  ||       5715-6520            8|--
--    00090        16900      2980     72880846  ||       6521-7326           18|-----
--    00100           73      3857     80970012  ||       7327-8132           13|----
--    001.000x                3858     80970012  ||       8133-8938           29|--------
--                                               ||       8939-9744           26|-------
--                                               ||       9745-10550          46|------------
--                                               ||      10551-11356          52|-------------
--                                               ||      11357-12162          54|--------------
--                                               ||      12163-12968          47|------------
--                                               ||      12969-13774          58|---------------
--                                               ||      13775-14580          46|------------
--                                               ||      14581-15386          60|---------------
--                                               ||      15387-16192          76|-------------------
--                                               ||      16193-16998          81|--------------------
--                                               ||      16999-17804         114|----------------------------
--                                               ||      17805-18610         231|---------------------------------------------------------
--                                               ||      18611-19416         257|---------------------------------------------------------------
--                                               ||      19417-20222         232|---------------------------------------------------------
--                                               ||      20223-21028         217|------------------------------------------------------
--                                               ||      21029-21834         193|------------------------------------------------
--                                               ||      21835-22640         167|-----------------------------------------
--                                               ||      22641-23446         138|----------------------------------
--                                               ||      23447-24252         133|---------------------------------
--                                               ||      24253-25058         136|----------------------------------
--                                               ||      25059-25864         108|---------------------------
--                                               ||      25865-26670         107|---------------------------
--                                               ||      26671-27476          81|--------------------
--                                               ||      27477-28282          95|------------------------
--                                               ||      28283-29088          90|-----------------------
--                                               ||      29089-29894          82|---------------------
--                                               ||      29895-30700          78|--------------------
--                                               ||      30701-31506          72|------------------
--                                               ||      31507-32312          81|--------------------
--                                               ||      32313-33118          58|---------------
--                                               ||      33119-33924          70|------------------
--                                               ||      33925-34730          55|--------------
--                                               ||      34731-35536          60|---------------
--                                               ||      35537-36342          43|-----------
--                                               ||      36343-37148          25|-------
--                                               ||      37149-37954          16|----
--                                               ||      37955-38760           9|---
--                                               ||      38761-39566          13|----
--                                               ||      39567-40372           4|-
--    
--
-- Purging correctReads output after loading into stores.
-- Purged 1 .cns outputs.
-- Purged 2 .out job log outputs.
--
-- Purging overlaps used for correction.
-- Report changed.
-- Finished stage 'cor-loadCorrectedReads', reset canuIteration.
----------------------------------------
-- Starting command on Sun Apr 16 05:58:57 2023 with 10109.927 GB free disk space

    cd .
    /sw/bioinfo/canu/2.0/rackham/Linux-amd64/bin/sqStoreDumpFASTQ \
      -corrected \
      -S ./01_01_assembly_canu.seqStore \
      -o ./01_01_assembly_canu.correctedReads.gz \
      -fasta \
      -nolibname \
    > 01_01_assembly_canu.correctedReads.fasta.err 2>&1

-- Finished on Sun Apr 16 05:58:59 2023 (2 seconds) with 10109.901 GB free disk space
----------------------------------------
--
-- Corrected reads saved in '01_01_assembly_canu.correctedReads.fasta.gz'.
-- No change in report.
-- Finished stage 'cor-dumpCorrectedReads', reset canuIteration.
--
--
-- BEGIN TRIMMING
--
-- No change in report.
----------------------------------------
-- Starting command on Sun Apr 16 05:58:59 2023 with 10109.901 GB free disk space

    cd trimming/0-mercounts
    ./meryl-configure.sh \
    > ./meryl-configure.err 2>&1

-- Finished on Sun Apr 16 05:59:00 2023 (one second) with 10109.901 GB free disk space
----------------------------------------
--  segments   memory batches
--  -------- -------- -------
--        01  0.38 GB       1
--
--  For 3858 reads with 80970012 bases, limit to 1 batch.
--  Will count kmers using 01 jobs, each using 2 GB and 4 threads.
--
-- No change in report.
-- Finished stage 'merylConfigure', reset canuIteration.
-- No change in report.
--
-- Running jobs.  First attempt out of 2.
----------------------------------------
-- Starting 'meryl' concurrent execution on Sun Apr 16 05:59:00 2023 with 10109.901 GB free disk space (1 processes; 1 concurrently)

    cd trimming/0-mercounts
    ./meryl-count.sh 1 > ./meryl-count.000001.out 2>&1

-- Finished on Sun Apr 16 05:59:10 2023 (10 seconds) with 10109.847 GB free disk space
----------------------------------------
-- Found 1 Kmer counting (meryl) outputs.
-- No change in report.
-- Finished stage 'obt-merylCountCheck', reset canuIteration.
-- No change in report.
--
-- Running jobs.  First attempt out of 2.
----------------------------------------
-- Starting 'meryl' concurrent execution on Sun Apr 16 05:59:10 2023 with 10109.847 GB free disk space (1 processes; 1 concurrently)

    cd trimming/0-mercounts
    ./meryl-process.sh 1 > ./meryl-process.000001.out 2>&1

-- Finished on Sun Apr 16 05:59:23 2023 (13 seconds) with 10109.81 GB free disk space
----------------------------------------
-- Meryl finished successfully.  Kmer frequency histogram:
--
--  22-mers                                                                                           Fraction
--    Occurrences   NumMers                                                                         Unique Total
--       1-     1         0                                                                        0.0000 0.0000
--       2-     2    468445 *****************************************                              0.1411 0.0124
--       3-     4    220918 *******************                                                    0.1866 0.0184
--       5-     7     70657 ******                                                                 0.2183 0.0244
--       8-    11     40719 ***                                                                    0.2318 0.0284
--      12-    16    154162 *************                                                          0.2462 0.0352
--      17-    22    457228 ****************************************                               0.3038 0.0743
--      23-    29    788922 ********************************************************************** 0.4569 0.2143
--      30-    37    763225 *******************************************************************    0.6952 0.4963
--      38-    46    297110 **************************                                             0.9121 0.8216
--      47-    56     50708 ****                                                                   0.9852 0.9555
--      57-    67      3038                                                                        0.9978 0.9838
--      68-    79      1979                                                                        0.9985 0.9855
--      80-    92       918                                                                        0.9990 0.9874
--      93-   106       153                                                                        0.9993 0.9883
--     107-   121        36                                                                        0.9993 0.9885
--     122-   137        22                                                                        0.9993 0.9886
--     138-   154        32                                                                        0.9993 0.9886
--     155-   172        34                                                                        0.9994 0.9887
--     173-   191        17                                                                        0.9994 0.9887
--     192-   211        13                                                                        0.9994 0.9888
--     212-   232         4                                                                        0.9994 0.9888
--     233-   254         3                                                                        0.9994 0.9888
--     255-   277        51                                                                        0.9994 0.9888
--     278-   301       209                                                                        0.9994 0.9890
--     302-   326       457                                                                        0.9995 0.9898
--     327-   352      1168                                                                        0.9996 0.9918
--     353-   379       115                                                                        0.9999 0.9970
--     380-   407        15                                                                        1.0000 0.9975
--     408-   436         0                                                                        0.0000 0.0000
--     437-   466         3                                                                        1.0000 0.9976
--     467-   497         4                                                                        1.0000 0.9976
--
--           0 (max occurrences)
--    75655992 (total mers, non-unique)
--     3320411 (distinct mers, non-unique)
--           0 (unique mers)
-- Report changed.
-- Finished stage 'meryl-process', reset canuIteration.
--
-- Removing meryl database 'trimming/0-mercounts/01_01_assembly_canu.ms22'.
--
-- OVERLAPPER (normal) (trimming) erate=0.045
--
----------------------------------------
-- Starting command on Sun Apr 16 05:59:23 2023 with 10109.81 GB free disk space

    cd trimming/1-overlapper
    /sw/bioinfo/canu/2.0/rackham/Linux-amd64/bin/overlapInCorePartition \
     -S  ../../01_01_assembly_canu.seqStore \
     -hl 80000000 \
     -rl 1000000000 \
     -ol 500 \
     -o  ./01_01_assembly_canu.partition \
    > ./01_01_assembly_canu.partition.err 2>&1

-- Finished on Sun Apr 16 05:59:23 2023 (fast as lightning) with 10109.81 GB free disk space
----------------------------------------
--
-- Configured 2 overlapInCore jobs.
-- No change in report.
-- Finished stage 'obt-overlapConfigure', reset canuIteration.
-- No change in report.
--
-- Running jobs.  First attempt out of 2.
----------------------------------------
-- Starting 'obtovl' concurrent execution on Sun Apr 16 05:59:23 2023 with 10109.81 GB free disk space (2 processes; 1 concurrently)

    cd trimming/1-overlapper
    ./overlap.sh 1 > ./overlap.000001.out 2>&1
    ./overlap.sh 2 > ./overlap.000002.out 2>&1

-- Finished on Sun Apr 16 06:08:50 2023 (567 seconds) with 10107.833 GB free disk space
----------------------------------------
-- Found 2 overlapInCore output files.
--
-- overlapInCore compute 'trimming/1-overlapper':
--   kmer hits
--     with no overlap            95062       47531 +- 63834.771
--     with an overlap           141290       70645 +- 95186.472
--
--   overlaps                    141290       70645 +- 95186.472
--     contained                      0           0 +- 0
--     dovetail                       0           0 +- 0
--
--   overlaps rejected
--     multiple per pair              0           0 +- 0
--     bad short window               0           0 +- 0
--     bad long window                0           0 +- 0
-- No change in report.
-- Finished stage 'obt-overlapCheck', reset canuIteration.
----------------------------------------
-- Starting command on Sun Apr 16 06:08:50 2023 with 10107.833 GB free disk space

    cd trimming
    /sw/bioinfo/canu/2.0/rackham/Linux-amd64/bin/ovStoreConfig \
     -S ../01_01_assembly_canu.seqStore \
     -M 3 \
     -L ./1-overlapper/ovljob.files \
     -create ./01_01_assembly_canu.ovlStore.config \
     > ./01_01_assembly_canu.ovlStore.config.txt \
    2> ./01_01_assembly_canu.ovlStore.config.err

-- Finished on Sun Apr 16 06:08:50 2023 (lickety-split) with 10107.833 GB free disk space
----------------------------------------
--
-- Creating overlap store trimming/01_01_assembly_canu.ovlStore using:
--      2 buckets
--      2 slices
--        using at most 1 GB memory each
-- No change in report.
-- Finished stage 'obt-overlapStoreConfigure', reset canuIteration.
-- No change in report.
--
-- Running jobs.  First attempt out of 2.
----------------------------------------
-- Starting 'ovB' concurrent execution on Sun Apr 16 06:08:50 2023 with 10107.833 GB free disk space (2 processes; 4 concurrently)

    cd trimming/01_01_assembly_canu.ovlStore.BUILDING
    ./scripts/1-bucketize.sh 1 > ./logs/1-bucketize.000001.out 2>&1
    ./scripts/1-bucketize.sh 2 > ./logs/1-bucketize.000002.out 2>&1

-- Finished on Sun Apr 16 06:08:50 2023 (fast as lightning) with 10107.827 GB free disk space
----------------------------------------
-- Overlap store bucketizer finished.
-- No change in report.
-- Finished stage 'obt-overlapStoreBucketizerCheck', reset canuIteration.
-- No change in report.
--
-- Running jobs.  First attempt out of 2.
----------------------------------------
-- Starting 'ovS' concurrent execution on Sun Apr 16 06:08:50 2023 with 10107.827 GB free disk space (2 processes; 4 concurrently)

    cd trimming/01_01_assembly_canu.ovlStore.BUILDING
    ./scripts/2-sort.sh 1 > ./logs/2-sort.000001.out 2>&1
    ./scripts/2-sort.sh 2 > ./logs/2-sort.000002.out 2>&1

-- Finished on Sun Apr 16 06:08:51 2023 (one second) with 10107.799 GB free disk space
----------------------------------------
-- Overlap store sorter finished.
-- No change in report.
-- Finished stage 'obt-overlapStoreSorterCheck', reset canuIteration.
----------------------------------------
-- Starting command on Sun Apr 16 06:08:51 2023 with 10107.799 GB free disk space

    cd trimming
    /sw/bioinfo/canu/2.0/rackham/Linux-amd64/bin/ovStoreIndexer \
      -O  ./01_01_assembly_canu.ovlStore.BUILDING \
      -S ../01_01_assembly_canu.seqStore \
      -C  ./01_01_assembly_canu.ovlStore.config \
      -delete \
    > ./01_01_assembly_canu.ovlStore.BUILDING.index.err 2>&1

-- Finished on Sun Apr 16 06:08:51 2023 (like a bat out of hell) with 10107.781 GB free disk space
----------------------------------------
-- Checking store.
----------------------------------------
-- Starting command on Sun Apr 16 06:08:51 2023 with 10107.781 GB free disk space

    cd trimming
    /sw/bioinfo/canu/2.0/rackham/Linux-amd64/bin/ovStoreDump \
     -S ../01_01_assembly_canu.seqStore \
     -O  ./01_01_assembly_canu.ovlStore \
     -counts \
     > ./01_01_assembly_canu.ovlStore/counts.dat 2> ./01_01_assembly_canu.ovlStore/counts.err

-- Finished on Sun Apr 16 06:08:52 2023 (one second) with 10107.78 GB free disk space
----------------------------------------
--
-- Overlap store 'trimming/01_01_assembly_canu.ovlStore' successfully constructed.
-- Found 282580 overlaps for 3754 reads; 211522 reads have no overlaps.
--
--
-- Purged 0.004 GB in 6 overlap output files.
-- No change in report.
-- Finished stage 'obt-createOverlapStore', reset canuIteration.
----------------------------------------
-- Starting command on Sun Apr 16 06:08:52 2023 with 10107.78 GB free disk space

    cd trimming/3-overlapbasedtrimming
    /sw/bioinfo/canu/2.0/rackham/Linux-amd64/bin/trimReads \
      -S  ../../01_01_assembly_canu.seqStore \
      -O  ../01_01_assembly_canu.ovlStore \
      -Co ./01_01_assembly_canu.1.trimReads.clear \
      -e  0.045 \
      -minlength 1000 \
      -ol 500 \
      -oc 2 \
      -o  ./01_01_assembly_canu.1.trimReads \
    >     ./01_01_assembly_canu.1.trimReads.err 2>&1

-- Finished on Sun Apr 16 06:08:54 2023 (2 seconds) with 10107.773 GB free disk space
----------------------------------------
--  PARAMETERS:
--  ----------
--     1000    (reads trimmed below this many bases are deleted)
--   0.0450    (use overlaps at or below this fraction error)
--      500    (break region if overlap is less than this long, for 'largest covered' algorithm)
--        2    (break region if overlap coverage is less than this many reads, for 'largest covered' algorithm)
--  
--  INPUT READS:
--  -----------
--  215276 reads     80970012 bases (reads processed)
--       0 reads            0 bases (reads not processed, previously deleted)
--       0 reads            0 bases (reads not processed, in a library where trimming isn't allowed)
--  
--  OUTPUT READS:
--  ------------
--    3602 reads     58813413 bases (trimmed reads output)
--      73 reads      1183050 bases (reads with no change, kept as is)
--  211522 reads       109957 bases (reads with no overlaps, deleted)
--      79 reads        89961 bases (reads with short trimmed length, deleted)
--  
--  TRIMMING DETAILS:
--  ----------------
--    2819 reads      7418450 bases (bases trimmed from the 5' end of a read)
--    3359 reads     13355181 bases (bases trimmed from the 3' end of a read)
-- Report changed.
-- Finished stage 'obt-trimReads', reset canuIteration.
----------------------------------------
-- Starting command on Sun Apr 16 06:08:54 2023 with 10107.773 GB free disk space

    cd trimming/3-overlapbasedtrimming
    /sw/bioinfo/canu/2.0/rackham/Linux-amd64/bin/splitReads \
      -S  ../../01_01_assembly_canu.seqStore \
      -O  ../01_01_assembly_canu.ovlStore \
      -Ci ./01_01_assembly_canu.1.trimReads.clear \
      -Co ./01_01_assembly_canu.2.splitReads.clear \
      -e  0.045 \
      -minlength 1000 \
      -o  ./01_01_assembly_canu.2.splitReads \
    >     ./01_01_assembly_canu.2.splitReads.err 2>&1

-- Finished on Sun Apr 16 06:08:55 2023 (one second) with 10107.771 GB free disk space
----------------------------------------
--  PARAMETERS:
--  ----------
--     1000    (reads trimmed below this many bases are deleted)
--   0.0450    (use overlaps at or below this fraction error)
--  INPUT READS:
--  -----------
--    3675 reads     80770094 bases (reads processed)
--  211601 reads       199918 bases (reads not processed, previously deleted)
--       0 reads            0 bases (reads not processed, in a library where trimming isn't allowed)
--  
--  PROCESSED:
--  --------
--       0 reads            0 bases (no overlaps)
--       0 reads            0 bases (no coverage after adjusting for trimming done already)
--       0 reads            0 bases (processed for chimera)
--       0 reads            0 bases (processed for spur)
--    3675 reads     80770094 bases (processed for subreads)
--  
--  READS WITH SIGNALS:
--  ------------------
--       0 reads            0 signals (number of 5' spur signal)
--       0 reads            0 signals (number of 3' spur signal)
--       0 reads            0 signals (number of chimera signal)
--     178 reads          178 signals (number of subread signal)
--  
--  SIGNALS:
--  -------
--       0 reads            0 bases (size of 5' spur signal)
--       0 reads            0 bases (size of 3' spur signal)
--       0 reads            0 bases (size of chimera signal)
--     178 reads        43735 bases (size of subread signal)
--  
--  TRIMMING:
--  --------
--      55 reads       642997 bases (trimmed from the 5' end of the read)
--     123 reads      1324435 bases (trimmed from the 3' end of the read)
-- Report changed.
-- Finished stage 'obt-splitReads', reset canuIteration.
----------------------------------------
-- Starting command on Sun Apr 16 06:08:55 2023 with 10107.771 GB free disk space

    cd trimming/3-overlapbasedtrimming
    /sw/bioinfo/canu/2.0/rackham/Linux-amd64/bin/loadTrimmedReads \
      -S ../../01_01_assembly_canu.seqStore \
      -c ./01_01_assembly_canu.2.splitReads.clear \
    > ./01_01_assembly_canu.loadTrimmedReads.err 2>&1

-- Finished on Sun Apr 16 06:08:55 2023 (like a bat out of hell) with 10107.758 GB free disk space
----------------------------------------
----------------------------------------
-- Starting command on Sun Apr 16 06:08:55 2023 with 10107.758 GB free disk space

    cd .
    /sw/bioinfo/canu/2.0/rackham/Linux-amd64/bin/sqStoreDumpMetaData \
      -S ./01_01_assembly_canu.seqStore \
      -corrected -trimmed \
      -histogram \
      -lengths \
    > ./01_01_assembly_canu.seqStore/readlengths-utg.dat \
    2> ./01_01_assembly_canu.seqStore/readlengths-utg.err 
    

-- Finished on Sun Apr 16 06:08:55 2023 (furiously fast) with 10107.758 GB free disk space
----------------------------------------
----------------------------------------
-- Starting command on Sun Apr 16 06:08:55 2023 with 10107.758 GB free disk space

    cd .
    /sw/bioinfo/canu/2.0/rackham/Linux-amd64/bin/sqStoreDumpMetaData \
      -S ./01_01_assembly_canu.seqStore \
      -corrected -trimmed \
      -histogram \
    > ./01_01_assembly_canu.seqStore/readlengths-utg.txt \
    2> ./01_01_assembly_canu.seqStore/readlengths-utg.err 
    

-- Finished on Sun Apr 16 06:08:55 2023 (in the blink of an eye) with 10107.758 GB free disk space
----------------------------------------
--
-- In sequence store './01_01_assembly_canu.seqStore':
--   Found 3675 reads.
--   Found 58029031 bases (24.17 times coverage).
--    
--    G=58029031                         sum of  ||               length     num
--    NG         length     index       lengths  ||                range    seqs
--    ----- ------------ --------- ------------  ||  ------------------- -------
--    00010        24269       211      5822049  ||       1002-1760           49|--------------
--    00020        21734       465     11618775  ||       1761-2519            9|---
--    00030        20091       743     17423744  ||       2520-3278           13|----
--    00040        18885      1041     23215678  ||       3279-4037            8|---
--    00050        17740      1358     29022447  ||       4038-4796           13|----
--    00060        16067      1700     34817928  ||       4797-5555            5|--
--    00070        14340      2083     40631190  ||       5556-6314           13|----
--    00080        12743      2512     46427646  ||       6315-7073           21|------
--    00090        11068      3000     52231508  ||       7074-7832           18|-----
--    00100         1002      3674     58029031  ||       7833-8591           45|-------------
--    001.000x                3675     58029031  ||       8592-9350           74|--------------------
--                                               ||       9351-10109         149|----------------------------------------
--                                               ||      10110-10868         209|--------------------------------------------------------
--                                               ||      10869-11627         206|-------------------------------------------------------
--                                               ||      11628-12386         236|---------------------------------------------------------------
--                                               ||      12387-13145         212|---------------------------------------------------------
--                                               ||      13146-13904         207|--------------------------------------------------------
--                                               ||      13905-14663         184|--------------------------------------------------
--                                               ||      14664-15422         165|---------------------------------------------
--                                               ||      15423-16181         161|-------------------------------------------
--                                               ||      16182-16940         140|--------------------------------------
--                                               ||      16941-17699         164|--------------------------------------------
--                                               ||      17700-18458         217|----------------------------------------------------------
--                                               ||      18459-19217         217|----------------------------------------------------------
--                                               ||      19218-19976         172|----------------------------------------------
--                                               ||      19977-20735         143|---------------------------------------
--                                               ||      20736-21494         117|--------------------------------
--                                               ||      21495-22253         116|-------------------------------
--                                               ||      22254-23012          78|---------------------
--                                               ||      23013-23771          64|------------------
--                                               ||      23772-24530          49|--------------
--                                               ||      24531-25289          40|-----------
--                                               ||      25290-26048          32|---------
--                                               ||      26049-26807          27|--------
--                                               ||      26808-27566          22|------
--                                               ||      27567-28325          20|------
--                                               ||      28326-29084          19|------
--                                               ||      29085-29843          10|---
--                                               ||      29844-30602           4|--
--                                               ||      30603-31361           6|--
--                                               ||      31362-32120           4|--
--                                               ||      32121-32879           3|-
--                                               ||      32880-33638           5|--
--                                               ||      33639-34397           1|-
--                                               ||      34398-35156           1|-
--                                               ||      35157-35915           0|
--                                               ||      35916-36674           1|-
--                                               ||      36675-37433           3|-
--                                               ||      37434-38192           2|-
--                                               ||      38193-38951           1|-
--    
--
-- Purging overlaps used for trimming.
-- Report changed.
-- Finished stage 'obt-dumpReads', reset canuIteration.
----------------------------------------
-- Starting command on Sun Apr 16 06:08:55 2023 with 10107.758 GB free disk space

    cd .
    /sw/bioinfo/canu/2.0/rackham/Linux-amd64/bin/sqStoreDumpFASTQ \
      -trimmed \
      -S ./01_01_assembly_canu.seqStore \
      -o ./01_01_assembly_canu.trimmedReads.gz \
      -fasta \
      -trimmed -normal -nolibname \
    > ./01_01_assembly_canu.trimmedReads.fasta.err 2>&1

-- Finished on Sun Apr 16 06:08:57 2023 (2 seconds) with 10107.794 GB free disk space
----------------------------------------
--
-- Trimmed reads saved in '01_01_assembly_canu.trimmedReads.fasta.gz'.
-- No change in report.
-- Finished stage 'cor-dumpTrimmedReads', reset canuIteration.
--
--
-- BEGIN ASSEMBLY
--
-- No change in report.
----------------------------------------
-- Starting command on Sun Apr 16 06:08:57 2023 with 10107.794 GB free disk space

    cd unitigging/0-mercounts
    ./meryl-configure.sh \
    > ./meryl-configure.err 2>&1

-- Finished on Sun Apr 16 06:08:57 2023 (fast as lightning) with 10107.793 GB free disk space
----------------------------------------
--  segments   memory batches
--  -------- -------- -------
--        01  0.25 GB       1
--
--  For 3675 reads with 58029031 bases, limit to 1 batch.
--  Will count kmers using 01 jobs, each using 2 GB and 4 threads.
--
-- No change in report.
-- Finished stage 'merylConfigure', reset canuIteration.
-- No change in report.
--
-- Running jobs.  First attempt out of 2.
----------------------------------------
-- Starting 'meryl' concurrent execution on Sun Apr 16 06:08:57 2023 with 10107.793 GB free disk space (1 processes; 1 concurrently)

    cd unitigging/0-mercounts
    ./meryl-count.sh 1 > ./meryl-count.000001.out 2>&1

-- Finished on Sun Apr 16 06:09:06 2023 (9 seconds) with 10107.758 GB free disk space
----------------------------------------
-- Found 1 Kmer counting (meryl) outputs.
-- No change in report.
-- Finished stage 'utg-merylCountCheck', reset canuIteration.
-- No change in report.
--
-- Running jobs.  First attempt out of 2.
----------------------------------------
-- Starting 'meryl' concurrent execution on Sun Apr 16 06:09:06 2023 with 10107.757 GB free disk space (1 processes; 1 concurrently)

    cd unitigging/0-mercounts
    ./meryl-process.sh 1 > ./meryl-process.000001.out 2>&1

-- Finished on Sun Apr 16 06:09:19 2023 (13 seconds) with 10107.668 GB free disk space
----------------------------------------
-- Meryl finished successfully.  Kmer frequency histogram:
--
--  22-mers                                                                                           Fraction
--    Occurrences   NumMers                                                                         Unique Total
--       1-     1         0                                                                        0.0000 0.0000
--       2-     2    225301 ****************                                                       0.0776 0.0081
--       3-     4    103526 *******                                                                0.1019 0.0119
--       5-     7     37036 **                                                                     0.1192 0.0158
--       8-    11    110576 *******                                                                0.1296 0.0196
--      12-    16    409859 *****************************                                          0.1830 0.0500
--      17-    22    981966 ********************************************************************** 0.3521 0.1856
--      23-    29    847095 ************************************************************           0.6998 0.5573
--      30-    37    176275 ************                                                           0.9532 0.9061
--      38-    46      6606                                                                        0.9967 0.9807
--      47-    56      2508                                                                        0.9980 0.9835
--      57-    67      1233                                                                        0.9988 0.9857
--      68-    79       205                                                                        0.9992 0.9871
--      80-    92         6                                                                        0.9993 0.9873
--      93-   106         1                                                                        0.9993 0.9873
--     107-   121         3                                                                        0.9993 0.9873
--     122-   137        40                                                                        0.9993 0.9873
--     138-   154        13                                                                        0.9993 0.9874
--     155-   172        21                                                                        0.9993 0.9875
--     173-   191         5                                                                        0.9993 0.9875
--     192-   211        10                                                                        0.9993 0.9876
--     212-   232         4                                                                        0.9993 0.9876
--     233-   254         6                                                                        0.9993 0.9876
--     255-   277        75                                                                        0.9993 0.9876
--     278-   301       229                                                                        0.9993 0.9880
--     302-   326       520                                                                        0.9994 0.9893
--     327-   352      1142                                                                        0.9996 0.9923
--     353-   379        23                                                                        1.0000 0.9991
--     380-   407         7                                                                        1.0000 0.9992
--
--           0 (max occurrences)
--    55670728 (total mers, non-unique)
--     2904293 (distinct mers, non-unique)
--           0 (unique mers)
-- Report changed.
-- Finished stage 'meryl-process', reset canuIteration.
--
-- Removing meryl database 'unitigging/0-mercounts/01_01_assembly_canu.ms22'.
--
-- OVERLAPPER (normal) (assembly) erate=0.045
--
----------------------------------------
-- Starting command on Sun Apr 16 06:09:19 2023 with 10107.661 GB free disk space

    cd unitigging/1-overlapper
    /sw/bioinfo/canu/2.0/rackham/Linux-amd64/bin/overlapInCorePartition \
     -S  ../../01_01_assembly_canu.seqStore \
     -hl 80000000 \
     -rl 1000000000 \
     -ol 500 \
     -o  ./01_01_assembly_canu.partition \
    > ./01_01_assembly_canu.partition.err 2>&1

-- Finished on Sun Apr 16 06:09:19 2023 (fast as lightning) with 10107.657 GB free disk space
----------------------------------------
--
-- Configured 1 overlapInCore jobs.
-- No change in report.
-- Finished stage 'utg-overlapConfigure', reset canuIteration.
-- No change in report.
--
-- Running jobs.  First attempt out of 2.
----------------------------------------
-- Starting 'utgovl' concurrent execution on Sun Apr 16 06:09:19 2023 with 10107.655 GB free disk space (1 processes; 1 concurrently)

    cd unitigging/1-overlapper
    ./overlap.sh 1 > ./overlap.000001.out 2>&1

-- Finished on Sun Apr 16 06:14:01 2023 (282 seconds) with 10106.299 GB free disk space
----------------------------------------
-- Found 1 overlapInCore output files.
--
-- overlapInCore compute 'unitigging/1-overlapper':
--   kmer hits
--     with no overlap            43300       43300 +- 0
--     with an overlap            80349       80349 +- 0
--
--   overlaps                     80349       80349 +- 0
--     contained                  14868       14868 +- 0
--     dovetail                   65481       65481 +- 0
--
--   overlaps rejected
--     multiple per pair              0           0 +- 0
--     bad short window               0           0 +- 0
--     bad long window                0           0 +- 0
-- No change in report.
-- Finished stage 'utg-overlapCheck', reset canuIteration.
----------------------------------------
-- Starting command on Sun Apr 16 06:14:01 2023 with 10106.299 GB free disk space

    cd unitigging
    /sw/bioinfo/canu/2.0/rackham/Linux-amd64/bin/ovStoreConfig \
     -S ../01_01_assembly_canu.seqStore \
     -M 3 \
     -L ./1-overlapper/ovljob.files \
     -create ./01_01_assembly_canu.ovlStore.config \
     > ./01_01_assembly_canu.ovlStore.config.txt \
    2> ./01_01_assembly_canu.ovlStore.config.err

-- Finished on Sun Apr 16 06:14:01 2023 (lickety-split) with 10106.299 GB free disk space
----------------------------------------
--
-- Creating overlap store unitigging/01_01_assembly_canu.ovlStore using:
--      1 bucket
--      2 slices
--        using at most 1 GB memory each
-- No change in report.
-- Finished stage 'utg-overlapStoreConfigure', reset canuIteration.
-- No change in report.
--
-- Running jobs.  First attempt out of 2.
----------------------------------------
-- Starting 'ovB' concurrent execution on Sun Apr 16 06:14:01 2023 with 10106.299 GB free disk space (1 processes; 4 concurrently)

    cd unitigging/01_01_assembly_canu.ovlStore.BUILDING
    ./scripts/1-bucketize.sh 1 > ./logs/1-bucketize.000001.out 2>&1

-- Finished on Sun Apr 16 06:14:02 2023 (one second) with 10106.296 GB free disk space
----------------------------------------
-- Overlap store bucketizer finished.
-- No change in report.
-- Finished stage 'utg-overlapStoreBucketizerCheck', reset canuIteration.
-- No change in report.
--
-- Running jobs.  First attempt out of 2.
----------------------------------------
-- Starting 'ovS' concurrent execution on Sun Apr 16 06:14:02 2023 with 10106.296 GB free disk space (2 processes; 4 concurrently)

    cd unitigging/01_01_assembly_canu.ovlStore.BUILDING
    ./scripts/2-sort.sh 1 > ./logs/2-sort.000001.out 2>&1
    ./scripts/2-sort.sh 2 > ./logs/2-sort.000002.out 2>&1

-- Finished on Sun Apr 16 06:14:02 2023 (like a bat out of hell) with 10106.27 GB free disk space
----------------------------------------
-- Overlap store sorter finished.
-- No change in report.
-- Finished stage 'utg-overlapStoreSorterCheck', reset canuIteration.
----------------------------------------
-- Starting command on Sun Apr 16 06:14:02 2023 with 10106.27 GB free disk space

    cd unitigging
    /sw/bioinfo/canu/2.0/rackham/Linux-amd64/bin/ovStoreIndexer \
      -O  ./01_01_assembly_canu.ovlStore.BUILDING \
      -S ../01_01_assembly_canu.seqStore \
      -C  ./01_01_assembly_canu.ovlStore.config \
      -delete \
    > ./01_01_assembly_canu.ovlStore.BUILDING.index.err 2>&1

-- Finished on Sun Apr 16 06:14:03 2023 (one second) with 10106.253 GB free disk space
----------------------------------------
-- Checking store.
----------------------------------------
-- Starting command on Sun Apr 16 06:14:03 2023 with 10106.253 GB free disk space

    cd unitigging
    /sw/bioinfo/canu/2.0/rackham/Linux-amd64/bin/ovStoreDump \
     -S ../01_01_assembly_canu.seqStore \
     -O  ./01_01_assembly_canu.ovlStore \
     -counts \
     > ./01_01_assembly_canu.ovlStore/counts.dat 2> ./01_01_assembly_canu.ovlStore/counts.err

-- Finished on Sun Apr 16 06:14:03 2023 (lickety-split) with 10106.251 GB free disk space
----------------------------------------
--
-- Overlap store 'unitigging/01_01_assembly_canu.ovlStore' successfully constructed.
-- Found 160698 overlaps for 3675 reads; 211601 reads have no overlaps.
--
--
-- Purged 0.002 GB in 3 overlap output files.
----------------------------------------
-- Starting command on Sun Apr 16 06:14:03 2023 with 10106.251 GB free disk space

    cd unitigging
    /sw/bioinfo/canu/2.0/rackham/Linux-amd64/bin/ovStoreStats \
     -C 24 \
     -S ../01_01_assembly_canu.seqStore \
     -O  ./01_01_assembly_canu.ovlStore \
     -o  ./01_01_assembly_canu.ovlStore \
     > ./01_01_assembly_canu.ovlStore.summary.err 2>&1

-- Finished on Sun Apr 16 06:14:03 2023 (fast as lightning) with 10106.251 GB free disk space
----------------------------------------
--
-- Overlap store 'unitigging/01_01_assembly_canu.ovlStore' contains:
--
--   category            reads     %          read length        feature size or coverage  analysis
--   ----------------  -------  -------  ----------------------  ------------------------  --------------------
--   middle-missing         12    0.33    19096.00 +- 8106.47        896.50 +- 2321.93    (bad trimming)
--   middle-hump             0    0.00        0.00 +- 0.00             0.00 +- 0.00       (bad trimming)
--   no-5-prime              2    0.05     1984.00 +- 760.85         302.50 +- 191.63     (bad trimming)
--   no-3-prime              3    0.08    12246.67 +- 17898.48      4241.00 +- 6793.38    (bad trimming)
--   
--   low-coverage            2    0.05     1192.00 +- 106.07           4.70 +- 1.31       (easy to assemble, potential for lower quality consensus)
--   unique               3568   97.09    15778.27 +- 5202.87         22.71 +- 5.42       (easy to assemble, perfect, yay)
--   repeat-cont             1    0.03     7486.00 +- 0.00            45.12 +- 2.18       (potential for consensus errors, no impact on assembly)
--   repeat-dove             0    0.00        0.00 +- 0.00             0.00 +- 0.00       (hard to assemble, likely won't assemble correctly or even at all)
--   
--   span-repeat            65    1.77    18630.83 +- 7973.32       2316.11 +- 3445.39    (read spans a large repeat, usually easy to assemble)
--   uniq-repeat-cont       16    0.44     8584.19 +- 10451.36                            (should be uniquely placed, low potential for consensus errors, no impact on assembly)
--   uniq-repeat-dove        6    0.16    17345.00 +- 17381.19                            (will end contigs, potential to misassemble)
--   uniq-anchor             0    0.00        0.00 +- 0.00             0.00 +- 0.00       (repeat read, with unique section, probable bad read)
-- Report changed.
-- Finished stage 'utg-createOverlapStore', reset canuIteration.
--
-- Loading read lengths.
-- Loading number of overlaps per read.
--
-- Configure RED for 16gb memory.
--                   Batches of at most (unlimited) reads.
--                                      500000000 bases.
--                   Expecting evidence of at most 536870912 bases per iteration.
--
--           Total                                               Reads                 Olaps Evidence
--    Job   Memory      Read Range         Reads        Bases   Memory        Olaps   Memory   Memory  (Memory in MB)
--   ---- -------- ------------------- --------- ------------ -------- ------------ -------- --------
--      1 10181.99         1-215276         3858     58228949  7108.15       160698     1.84  1024.00
--   ---- -------- ------------------- --------- ------------ -------- ------------ -------- --------
--                                                   58228949                160698
-- No change in report.
-- Finished stage 'readErrorDetectionConfigure', reset canuIteration.
-- No change in report.
--
-- Running jobs.  First attempt out of 2.
----------------------------------------
-- Starting 'red' concurrent execution on Sun Apr 16 06:14:04 2023 with 10106.251 GB free disk space (1 processes; 1 concurrently)

    cd unitigging/3-overlapErrorAdjustment
    ./red.sh 1 > ./red.000001.out 2>&1

-- Finished on Sun Apr 16 06:14:22 2023 (18 seconds) with 10106.217 GB free disk space
----------------------------------------
-- Found 1 read error detection output files.
-- No change in report.
-- Finished stage 'readErrorDetectionCheck', reset canuIteration.
--
-- Loading read lengths.
-- Loading number of overlaps per read.
--
-- Configure OEA for 8gb memory.
--                   Batches of at most (unlimited) reads.
--                                      300000000 bases.
--
--           Total                                               Reads                 Olaps  Adjusts
--    Job   Memory      Read Range         Reads        Bases   Memory        Olaps   Memory   Memory  (Memory in MB)
--   ---- -------- ------------------- --------- ------------ -------- ------------ -------- --------
--      1  2444.78         1-215276         3858     58228949    63.65       160698     4.90   328.23
--   ---- -------- ------------------- --------- ------------ -------- ------------ -------- --------
--                                                   58228949                160698
-- No change in report.
-- Finished stage 'overlapErrorAdjustmentConfigure', reset canuIteration.
-- No change in report.
--
-- Running jobs.  First attempt out of 2.
----------------------------------------
-- Starting 'oea' concurrent execution on Sun Apr 16 06:14:23 2023 with 10106.214 GB free disk space (1 processes; 4 concurrently)

    cd unitigging/3-overlapErrorAdjustment
    ./oea.sh 1 > ./oea.000001.out 2>&1

-- Finished on Sun Apr 16 06:14:28 2023 (5 seconds) with 10106.217 GB free disk space
----------------------------------------
-- Found 1 overlap error adjustment output files.
-- No change in report.
-- Finished stage 'overlapErrorAdjustmentCheck', reset canuIteration.
----------------------------------------
-- Starting command on Sun Apr 16 06:14:28 2023 with 10106.217 GB free disk space

    cd unitigging/3-overlapErrorAdjustment
    /sw/bioinfo/canu/2.0/rackham/Linux-amd64/bin/loadErates \
      -S ../../01_01_assembly_canu.seqStore \
      -O ../01_01_assembly_canu.ovlStore \
      -L ./oea.files \
    > ./oea.apply.err 2>&1

-- Finished on Sun Apr 16 06:14:28 2023 (furiously fast) with 10106.216 GB free disk space
----------------------------------------
-- No report available.
-- Report changed.
-- Finished stage 'updateOverlapStore', reset canuIteration.
-- Finished stage 'unitig', reset canuIteration.
-- No change in report.
-- No change in report.
--
-- Running jobs.  First attempt out of 2.
----------------------------------------
-- Starting 'bat' concurrent execution on Sun Apr 16 06:14:28 2023 with 10106.216 GB free disk space (1 processes; 1 concurrently)

    cd unitigging/4-unitigger
    ./unitigger.sh 1 > ./unitigger.000001.out 2>&1

-- Finished on Sun Apr 16 06:14:29 2023 (one second) with 10106.214 GB free disk space
----------------------------------------
-- Unitigger finished successfully.
-- Found, in version 1, after unitig construction:
--   contigs:      2 sequences, total length 2644620 bp (including 0 repeats of total length 0 bp).
--   bubbles:      1 sequences, total length 32100 bp.
--   unassembled:  62 sequences, total length 489334 bp.
--
-- Contig sizes based on genome size 2.4mbp:
--
--            NG (bp)  LG (contigs)    sum (bp)
--         ----------  ------------  ----------
--     10     2583174             1     2583174
--     20     2583174             1     2583174
--     30     2583174             1     2583174
--     40     2583174             1     2583174
--     50     2583174             1     2583174
--     60     2583174             1     2583174
--     70     2583174             1     2583174
--     80     2583174             1     2583174
--     90     2583174             1     2583174
--    100     2583174             1     2583174
--    110       61446             2     2644620
--
-- Report changed.
-- Finished stage 'unitigCheck', reset canuIteration.
----------------------------------------
-- Starting command on Sun Apr 16 06:14:29 2023 with 10106.214 GB free disk space

    cd unitigging
    /sw/bioinfo/canu/2.0/rackham/Linux-amd64/bin/utgcns \
      -S ../01_01_assembly_canu.seqStore \
      -T  ./01_01_assembly_canu.ctgStore 1 \
      -partition 0.8 1 0.1 \
    > ./01_01_assembly_canu.ctgStore/partitioning.log 2>&1

-- Finished on Sun Apr 16 06:14:31 2023 (2 seconds) with 10106.169 GB free disk space
----------------------------------------
----------------------------------------
-- Starting command on Sun Apr 16 06:14:31 2023 with 10106.169 GB free disk space

    cd unitigging
    /sw/bioinfo/canu/2.0/rackham/Linux-amd64/bin/utgcns \
      -S ../01_01_assembly_canu.seqStore \
      -T  ./01_01_assembly_canu.utgStore 1 \
      -partition 0.8 1 0.1 \
    > ./01_01_assembly_canu.utgStore/partitioning.log 2>&1

-- Finished on Sun Apr 16 06:14:32 2023 (one second) with 10106.125 GB free disk space
----------------------------------------
-- Using slow alignment for consensus (iteration '0').
-- Configured 2 contig and 2 unitig consensus jobs.
-- No change in report.
-- Finished stage 'consensusConfigure', reset canuIteration.
--
--                                (tag)Concurrency
--                         (tag)Threads          |
--                (tag)Memory         |          |
--        (tag)             |         |          |       total usage      algorithm
--        -------  ----------  --------   --------  --------------------  -----------------------------
-- Local: cns        2.875 GB    4 CPUs x   1 job      2.875 GB   4 CPUs  (consensus)
--
-- No change in report.
--
-- Running jobs.  First attempt out of 2.
----------------------------------------
-- Starting 'cns' concurrent execution on Sun Apr 16 06:14:32 2023 with 10106.125 GB free disk space (4 processes; 1 concurrently)

    cd unitigging/5-consensus
    ./consensus.sh 1 > ./consensus.000001.out 2>&1
    ./consensus.sh 2 > ./consensus.000002.out 2>&1
    ./consensus.sh 3 > ./consensus.000003.out 2>&1
    ./consensus.sh 4 > ./consensus.000004.out 2>&1

-- Finished on Sun Apr 16 06:18:49 2023 (257 seconds) with 10103.4 GB free disk space
----------------------------------------
-- Using slow alignment for consensus (iteration '1').
-- Configured 2 contig and 2 unitig consensus jobs.
-- No change in report.
-- All 4 consensus jobs finished successfully.
-- No change in report.
-- Finished stage 'consensusCheck', reset canuIteration.
-- Using slow alignment for consensus (iteration '0').
-- Configured 2 contig and 2 unitig consensus jobs.
-- No change in report.
----------------------------------------
-- Starting command on Sun Apr 16 06:18:49 2023 with 10103.4 GB free disk space

    cd unitigging
    /sw/bioinfo/canu/2.0/rackham/Linux-amd64/bin/tgStoreLoad \
      -S ../01_01_assembly_canu.seqStore \
      -T  ./01_01_assembly_canu.ctgStore 2 \
      -L ./5-consensus/ctgcns.files \
    > ./5-consensus/ctgcns.files.ctgStoreLoad.err 2>&1

-- Finished on Sun Apr 16 06:18:49 2023 (fast as lightning) with 10103.393 GB free disk space
----------------------------------------
----------------------------------------
-- Starting command on Sun Apr 16 06:18:49 2023 with 10103.393 GB free disk space

    cd unitigging
    /sw/bioinfo/canu/2.0/rackham/Linux-amd64/bin/tgStoreLoad \
      -S ../01_01_assembly_canu.seqStore \
      -T  ./01_01_assembly_canu.utgStore 2 \
      -L ./5-consensus/utgcns.files \
    > ./5-consensus/utgcns.files.utgStoreLoad.err 2>&1

-- Finished on Sun Apr 16 06:18:50 2023 (one second) with 10103.388 GB free disk space
----------------------------------------
-- Purging consensus output after loading to ctgStore and/or utgStore.
-- Purged 4 .cns outputs.
----------------------------------------
-- Starting command on Sun Apr 16 06:18:50 2023 with 10103.388 GB free disk space

    cd unitigging
    /sw/bioinfo/canu/2.0/rackham/Linux-amd64/bin/tgStoreDump \
      -S ../01_01_assembly_canu.seqStore \
      -T ./01_01_assembly_canu.ctgStore 2 \
      -sizes -s 2400000 \
    > ./01_01_assembly_canu.ctgStore/seqDB.v002.sizes.txt
sqStore_loadMetadata()-- Using 'corrected-trimmed' 0x10 reads.

-- Finished on Sun Apr 16 06:18:50 2023 (fast as lightning) with 10103.388 GB free disk space
----------------------------------------
-- Found, in version 2, after consensus generation:
--   contigs:      2 sequences, total length 2640962 bp (including 0 repeats of total length 0 bp).
--   bubbles:      1 sequences, total length 34070 bp.
--   unassembled:  62 sequences, total length 489334 bp.
--
-- Contig sizes based on genome size 2.4mbp:
--
--            NG (bp)  LG (contigs)    sum (bp)
--         ----------  ------------  ----------
--     10     2581413             1     2581413
--     20     2581413             1     2581413
--     30     2581413             1     2581413
--     40     2581413             1     2581413
--     50     2581413             1     2581413
--     60     2581413             1     2581413
--     70     2581413             1     2581413
--     80     2581413             1     2581413
--     90     2581413             1     2581413
--    100     2581413             1     2581413
--    110       59549             2     2640962
--
-- Report changed.
-- Finished stage 'consensusLoad', reset canuIteration.
-- No change in report.
----------------------------------------
-- Starting command on Sun Apr 16 06:18:50 2023 with 10103.387 GB free disk space

    cd unitigging/4-unitigger
    ./alignGFA.sh \
    > alignGFA.err 2>&1

-- Finished on Sun Apr 16 06:18:51 2023 (one second) with 10103.387 GB free disk space
----------------------------------------
----------------------------------------
-- Starting command on Sun Apr 16 06:18:51 2023 with 10103.387 GB free disk space

    cd .
    /sw/bioinfo/canu/2.0/rackham/Linux-amd64/bin/tgStoreDump \
      -S ./01_01_assembly_canu.seqStore \
      -T ./unitigging/01_01_assembly_canu.ctgStore 2 \
      -o ./01_01_assembly_canu.contigs \
      -layout \
    > ./01_01_assembly_canu.contigs.layout.err 2>&1

-- Finished on Sun Apr 16 06:18:51 2023 (furiously fast) with 10103.387 GB free disk space
----------------------------------------
----------------------------------------
-- Starting command on Sun Apr 16 06:18:51 2023 with 10103.387 GB free disk space

    cd .
    /sw/bioinfo/canu/2.0/rackham/Linux-amd64/bin/tgStoreDump \
      -S ./01_01_assembly_canu.seqStore \
      -T ./unitigging/01_01_assembly_canu.utgStore 2 \
      -o ./01_01_assembly_canu.unitigs \
      -layout \
    > ./01_01_assembly_canu.unitigs.layout.err 2>&1

-- Finished on Sun Apr 16 06:18:51 2023 (in the blink of an eye) with 10103.387 GB free disk space
----------------------------------------
----------------------------------------
-- Starting command on Sun Apr 16 06:18:51 2023 with 10103.387 GB free disk space

    cd .
    /sw/bioinfo/canu/2.0/rackham/Linux-amd64/bin/tgStoreDump \
      -S ./01_01_assembly_canu.seqStore \
      -T ./unitigging/01_01_assembly_canu.ctgStore 2 \
      -consensus -fasta \
      -unassembled \
    > ./01_01_assembly_canu.unassembled.fasta
    2> ./01_01_assembly_canu.unassembled.err
sqStore_loadMetadata()-- Using 'corrected-trimmed' 0x10 reads.

-- Finished on Sun Apr 16 06:18:51 2023 (like a bat out of hell) with 10103.387 GB free disk space
----------------------------------------
----------------------------------------
-- Starting command on Sun Apr 16 06:18:51 2023 with 10103.387 GB free disk space

    cd .
    /sw/bioinfo/canu/2.0/rackham/Linux-amd64/bin/tgStoreDump \
      -S ./01_01_assembly_canu.seqStore \
      -T ./unitigging/01_01_assembly_canu.ctgStore 2 \
      -consensus -fasta \
      -contigs \
    > ./01_01_assembly_canu.contigs.fasta
    2> ./01_01_assembly_canu.contigs.err
sqStore_loadMetadata()-- Using 'corrected-trimmed' 0x10 reads.

-- Finished on Sun Apr 16 06:18:52 2023 (one second) with 10103.384 GB free disk space
----------------------------------------
----------------------------------------
-- Starting command on Sun Apr 16 06:18:52 2023 with 10103.384 GB free disk space

    cd .
    /sw/bioinfo/canu/2.0/rackham/Linux-amd64/bin/tgStoreDump \
      -S ./01_01_assembly_canu.seqStore \
      -T ./unitigging/01_01_assembly_canu.utgStore 2 \
      -consensus -fasta \
      -contigs \
    > ./01_01_assembly_canu.unitigs.fasta
    2> ./01_01_assembly_canu.unitigs.err
sqStore_loadMetadata()-- Using 'corrected-trimmed' 0x10 reads.

-- Finished on Sun Apr 16 06:18:52 2023 (in the blink of an eye) with 10103.381 GB free disk space
----------------------------------------
-- No change in report.
-- Finished stage 'generateOutputs', reset canuIteration.
--
-- Assembly '01_01_assembly_canu' finished in '/domus/h1/nelmak/Project-Genome-Analysis-Paper-2/genome_analyses/analyses/01_genome_assembly'.
--
-- Summary saved in '01_01_assembly_canu.report'.
--
-- Sequences saved:
--   Contigs       -> '01_01_assembly_canu.contigs.fasta'
--   Unassembled   -> '01_01_assembly_canu.unassembled.fasta'
--   Unitigs       -> '01_01_assembly_canu.unitigs.fasta'
--
-- Read layouts saved:
--   Contigs       -> '01_01_assembly_canu.contigs.layout'.
--   Unitigs       -> '01_01_assembly_canu.unitigs.layout'.
--
-- Graphs saved:
--   Unitigs       -> '01_01_assembly_canu.unitigs.gfa'.
--
-- Bye.
[3;J[H[2J